2018-05-20 04:21:15,322 quamash INFO Using Qt Implementation: PyQt5
2018-05-20 04:21:15,354 ib_insync.client INFO Connecting to 127.0.0.1:4002 with clientId 100...
2018-05-20 04:21:15,354 ib_insync.client INFO Connected
2018-05-20 04:21:15,356 ib_insync.client INFO Logged on to server version 141
2018-05-20 04:21:15,399 ib_insync.wrapper INFO Warning 2106, reqId -1: HMDS data farm connection is OK:cashhmds
2018-05-20 04:21:15,399 ib_insync.client INFO API connection ready
2018-05-20 04:21:15,450 ib_insync.wrapper INFO updatePortfolio: PortfolioItem(contract=Contract(secType='CASH', conId=12087792, symbol='EUR', right='0', primaryExchange='IDEALPRO', currency='USD', localSymbol='EUR.USD', tradingClass='EUR.USD'), position=186000.0, marketPrice=1.17709995, marketValue=218940.59, averageCost=1.2182257, unrealizedPNL=-7649.39, realizedPNL=0.0, account='DU946735')
2018-05-20 04:21:15,450 ib_insync.wrapper INFO position: Position(account='DU946735', contract=Contract(secType='CASH', conId=12087792, symbol='EUR', currency='USD', localSymbol='EUR.USD', tradingClass='EUR.USD'), position=186000.0, avgCost=1.2182257)
2018-05-20 04:21:15,453 ib_insync.ib INFO Synchronization complete
2018-05-20 04:21:17,507 ib_insync.wrapper INFO Warning 2119, reqId -1: Market data farm is connecting:eufarm
2018-05-20 04:21:18,723 ib_insync.wrapper INFO Warning 2104, reqId -1: Market data farm connection is OK:eufarm
2018-05-20 04:21:19,320 ib_insync.wrapper INFO Warning 2106, reqId -1: HMDS data farm connection is OK:euhmds
2018-05-20 04:21:19,497 ib_insync.wrapper INFO Warning 2119, reqId -1: Market data farm is connecting:usfuture.us
2018-05-20 04:21:20,320 ib_insync.wrapper INFO Warning 2104, reqId -1: Market data farm connection is OK:usfuture.us
2018-05-20 04:21:27,416 ib_insync.wrapper INFO Warning 2108, reqId -1: Market data farm connection is inactive but should be available upon demand.eufarm
2018-05-20 04:21:27,416 ib_insync.wrapper INFO Warning 2108, reqId -1: Market data farm connection is inactive but should be available upon demand.eufarm
2018-05-20 04:21:29,389 trading.utils WARNING Timeout while requesting the earliestDateTime for contract Contract(secType='IND', conId=1935181, symbol='INDU', exchange='CME', currency='USD', localSymbol='DJI')
2018-05-20 04:21:29,492 ib_insync.wrapper INFO Warning 2108, reqId -1: Market data farm connection is inactive but should be available upon demand.usfuture.us
2018-05-20 04:21:29,535 ib_insync.wrapper INFO Warning 2108, reqId -1: Market data farm connection is inactive but should be available upon demand.usfuture.us
2018-05-20 04:21:29,535 ib_insync.wrapper INFO Warning 2119, reqId -1: Market data farm is connecting:usfarm.us
2018-05-20 04:21:30,775 ib_insync.wrapper INFO Warning 2104, reqId -1: Market data farm connection is OK:usfarm.us
2018-05-20 04:21:39,400 trading.utils WARNING Timeout while requesting the earliestDateTime for contract Contract(secType='IND', conId=416904, symbol='SPX', exchange='CBOE', currency='USD', localSymbol='SPX')
2018-05-20 04:21:39,511 ib_insync.wrapper INFO Warning 2108, reqId -1: Market data farm connection is inactive but should be available upon demand.usfarm.us
2018-05-20 04:21:39,555 ib_insync.wrapper INFO Warning 2108, reqId -1: Market data farm connection is inactive but should be available upon demand.usfarm.us
2018-05-20 04:21:39,555 ib_insync.wrapper INFO Warning 2119, reqId -1: Market data farm is connecting:hfarm
2018-05-20 04:21:42,546 ib_insync.wrapper INFO Warning 2104, reqId -1: Market data farm connection is OK:hfarm
2018-05-20 04:21:45,550 ib_insync.wrapper INFO Warning 2106, reqId -1: HMDS data farm connection is OK:hkhmds
2018-05-20 04:21:46,018 ib_insync.wrapper INFO Warning 2119, reqId -1: Market data farm is connecting:jfarm
2018-05-20 04:21:48,642 ib_insync.wrapper INFO Warning 2104, reqId -1: Market data farm connection is OK:jfarm
2018-05-20 04:21:49,307 ib_insync.wrapper INFO Warning 2108, reqId -1: Market data farm connection is inactive but should be available upon demand.hfarm
2018-05-20 04:21:49,307 ib_insync.wrapper INFO Warning 2108, reqId -1: Market data farm connection is inactive but should be available upon demand.hfarm
2018-05-20 04:21:49,788 sqlalchemy.engine.base.Engine INFO PRAGMA table_info("MarketDataInfoTable")
2018-05-20 04:21:49,788 sqlalchemy.engine.base.Engine INFO ()
2018-05-20 04:21:49,789 sqlalchemy.engine.base.Engine INFO PRAGMA table_info("MarketDataHistoricalRequestsPositionTable")
2018-05-20 04:21:49,789 sqlalchemy.engine.base.Engine INFO ()
2018-05-20 04:21:49,789 sqlalchemy.engine.base.Engine INFO PRAGMA table_info("MarketData_CASH_EUR_AUD_IDEALPRO")
2018-05-20 04:21:49,789 sqlalchemy.engine.base.Engine INFO ()
2018-05-20 04:21:49,789 sqlalchemy.engine.base.Engine INFO PRAGMA table_info("MarketData_CASH_EUR_CAD_IDEALPRO")
2018-05-20 04:21:49,789 sqlalchemy.engine.base.Engine INFO ()
2018-05-20 04:21:49,789 sqlalchemy.engine.base.Engine INFO PRAGMA table_info("MarketData_CASH_EUR_CHF_IDEALPRO")
2018-05-20 04:21:49,789 sqlalchemy.engine.base.Engine INFO ()
2018-05-20 04:21:49,789 sqlalchemy.engine.base.Engine INFO PRAGMA table_info("MarketData_CASH_EUR_CNH_IDEALPRO")
2018-05-20 04:21:49,789 sqlalchemy.engine.base.Engine INFO ()
2018-05-20 04:21:49,790 sqlalchemy.engine.base.Engine INFO PRAGMA table_info("MarketData_CASH_EUR_GBP_IDEALPRO")
2018-05-20 04:21:49,790 sqlalchemy.engine.base.Engine INFO ()
2018-05-20 04:21:49,790 sqlalchemy.engine.base.Engine INFO PRAGMA table_info("MarketData_CASH_EUR_JPY_IDEALPRO")
2018-05-20 04:21:49,790 sqlalchemy.engine.base.Engine INFO ()
2018-05-20 04:21:49,790 sqlalchemy.engine.base.Engine INFO PRAGMA table_info("MarketData_CASH_EUR_RUB_IDEALPRO")
2018-05-20 04:21:49,790 sqlalchemy.engine.base.Engine INFO ()
2018-05-20 04:21:49,790 sqlalchemy.engine.base.Engine INFO PRAGMA table_info("MarketData_CASH_EUR_USD_IDEALPRO")
2018-05-20 04:21:49,790 sqlalchemy.engine.base.Engine INFO ()
2018-05-20 04:21:49,790 sqlalchemy.engine.base.Engine INFO PRAGMA table_info("MarketData_CFD_IBDE30_EUR_SMART")
2018-05-20 04:21:49,790 sqlalchemy.engine.base.Engine INFO ()
2018-05-20 04:21:49,790 sqlalchemy.engine.base.Engine INFO PRAGMA table_info("MarketData_IND_DAX_EUR_DTB")
2018-05-20 04:21:49,790 sqlalchemy.engine.base.Engine INFO ()
2018-05-20 04:21:49,790 sqlalchemy.engine.base.Engine INFO PRAGMA table_info("MarketData_IND_HSC50_HKD_HKFE")
2018-05-20 04:21:49,790 sqlalchemy.engine.base.Engine INFO ()
2018-05-20 04:21:49,790 sqlalchemy.engine.base.Engine INFO PRAGMA table_info("MarketData_IND_INDU_USD_CME")
2018-05-20 04:21:49,790 sqlalchemy.engine.base.Engine INFO ()
2018-05-20 04:21:49,791 sqlalchemy.engine.base.Engine INFO PRAGMA table_info("MarketData_IND_N225_JPY_OSE.JPN")
2018-05-20 04:21:49,791 sqlalchemy.engine.base.Engine INFO ()
2018-05-20 04:21:49,791 sqlalchemy.engine.base.Engine INFO PRAGMA table_info("MarketData_IND_SPX_USD_CBOE")
2018-05-20 04:21:49,791 sqlalchemy.engine.base.Engine INFO ()
2018-05-20 04:21:49,791 sqlalchemy.orm.mapper.Mapper INFO (MarketDataTable|MarketData_CASH_EUR_AUD_IDEALPRO) _post_configure_properties() started
2018-05-20 04:21:49,791 sqlalchemy.orm.mapper.Mapper INFO (MarketDataTable|MarketData_CASH_EUR_AUD_IDEALPRO) initialize prop datetime
2018-05-20 04:21:49,792 sqlalchemy.orm.mapper.Mapper INFO (MarketDataTable|MarketData_CASH_EUR_AUD_IDEALPRO) initialize prop diffToNextRowInMinutes
2018-05-20 04:21:49,792 sqlalchemy.orm.mapper.Mapper INFO (MarketDataTable|MarketData_CASH_EUR_AUD_IDEALPRO) initialize prop close
2018-05-20 04:21:49,792 sqlalchemy.orm.mapper.Mapper INFO (MarketDataTable|MarketData_CASH_EUR_AUD_IDEALPRO) _post_configure_properties() complete
2018-05-20 04:21:49,792 sqlalchemy.orm.mapper.Mapper INFO (MarketDataTable|MarketData_CASH_EUR_CAD_IDEALPRO) _post_configure_properties() started
2018-05-20 04:21:49,792 sqlalchemy.orm.mapper.Mapper INFO (MarketDataTable|MarketData_CASH_EUR_CAD_IDEALPRO) initialize prop datetime
2018-05-20 04:21:49,792 sqlalchemy.orm.mapper.Mapper INFO (MarketDataTable|MarketData_CASH_EUR_CAD_IDEALPRO) initialize prop diffToNextRowInMinutes
2018-05-20 04:21:49,792 sqlalchemy.orm.mapper.Mapper INFO (MarketDataTable|MarketData_CASH_EUR_CAD_IDEALPRO) initialize prop close
2018-05-20 04:21:49,792 sqlalchemy.orm.mapper.Mapper INFO (MarketDataTable|MarketData_CASH_EUR_CAD_IDEALPRO) _post_configure_properties() complete
2018-05-20 04:21:49,792 sqlalchemy.orm.mapper.Mapper INFO (MarketDataTable|MarketData_CASH_EUR_CHF_IDEALPRO) _post_configure_properties() started
2018-05-20 04:21:49,792 sqlalchemy.orm.mapper.Mapper INFO (MarketDataTable|MarketData_CASH_EUR_CHF_IDEALPRO) initialize prop datetime
2018-05-20 04:21:49,792 sqlalchemy.orm.mapper.Mapper INFO (MarketDataTable|MarketData_CASH_EUR_CHF_IDEALPRO) initialize prop diffToNextRowInMinutes
2018-05-20 04:21:49,792 sqlalchemy.orm.mapper.Mapper INFO (MarketDataTable|MarketData_CASH_EUR_CHF_IDEALPRO) initialize prop close
2018-05-20 04:21:49,792 sqlalchemy.orm.mapper.Mapper INFO (MarketDataTable|MarketData_CASH_EUR_CHF_IDEALPRO) _post_configure_properties() complete
2018-05-20 04:21:49,792 sqlalchemy.orm.mapper.Mapper INFO (MarketDataTable|MarketData_CASH_EUR_CNH_IDEALPRO) _post_configure_properties() started
2018-05-20 04:21:49,792 sqlalchemy.orm.mapper.Mapper INFO (MarketDataTable|MarketData_CASH_EUR_CNH_IDEALPRO) initialize prop datetime
2018-05-20 04:21:49,792 sqlalchemy.orm.mapper.Mapper INFO (MarketDataTable|MarketData_CASH_EUR_CNH_IDEALPRO) initialize prop diffToNextRowInMinutes
2018-05-20 04:21:49,792 sqlalchemy.orm.mapper.Mapper INFO (MarketDataTable|MarketData_CASH_EUR_CNH_IDEALPRO) initialize prop close
2018-05-20 04:21:49,793 sqlalchemy.orm.mapper.Mapper INFO (MarketDataTable|MarketData_CASH_EUR_CNH_IDEALPRO) _post_configure_properties() complete
2018-05-20 04:21:49,793 sqlalchemy.orm.mapper.Mapper INFO (MarketDataTable|MarketData_CASH_EUR_GBP_IDEALPRO) _post_configure_properties() started
2018-05-20 04:21:49,793 sqlalchemy.orm.mapper.Mapper INFO (MarketDataTable|MarketData_CASH_EUR_GBP_IDEALPRO) initialize prop datetime
2018-05-20 04:21:49,793 sqlalchemy.orm.mapper.Mapper INFO (MarketDataTable|MarketData_CASH_EUR_GBP_IDEALPRO) initialize prop diffToNextRowInMinutes
2018-05-20 04:21:49,793 sqlalchemy.orm.mapper.Mapper INFO (MarketDataTable|MarketData_CASH_EUR_GBP_IDEALPRO) initialize prop close
2018-05-20 04:21:49,793 sqlalchemy.orm.mapper.Mapper INFO (MarketDataTable|MarketData_CASH_EUR_GBP_IDEALPRO) _post_configure_properties() complete
2018-05-20 04:21:49,793 sqlalchemy.orm.mapper.Mapper INFO (MarketDataTable|MarketData_CASH_EUR_JPY_IDEALPRO) _post_configure_properties() started
2018-05-20 04:21:49,793 sqlalchemy.orm.mapper.Mapper INFO (MarketDataTable|MarketData_CASH_EUR_JPY_IDEALPRO) initialize prop datetime
2018-05-20 04:21:49,793 sqlalchemy.orm.mapper.Mapper INFO (MarketDataTable|MarketData_CASH_EUR_JPY_IDEALPRO) initialize prop diffToNextRowInMinutes
2018-05-20 04:21:49,793 sqlalchemy.orm.mapper.Mapper INFO (MarketDataTable|MarketData_CASH_EUR_JPY_IDEALPRO) initialize prop close
2018-05-20 04:21:49,793 sqlalchemy.orm.mapper.Mapper INFO (MarketDataTable|MarketData_CASH_EUR_JPY_IDEALPRO) _post_configure_properties() complete
2018-05-20 04:21:49,793 sqlalchemy.orm.mapper.Mapper INFO (MarketDataTable|MarketData_CASH_EUR_RUB_IDEALPRO) _post_configure_properties() started
2018-05-20 04:21:49,793 sqlalchemy.orm.mapper.Mapper INFO (MarketDataTable|MarketData_CASH_EUR_RUB_IDEALPRO) initialize prop datetime
2018-05-20 04:21:49,793 sqlalchemy.orm.mapper.Mapper INFO (MarketDataTable|MarketData_CASH_EUR_RUB_IDEALPRO) initialize prop diffToNextRowInMinutes
2018-05-20 04:21:49,793 sqlalchemy.orm.mapper.Mapper INFO (MarketDataTable|MarketData_CASH_EUR_RUB_IDEALPRO) initialize prop close
2018-05-20 04:21:49,793 sqlalchemy.orm.mapper.Mapper INFO (MarketDataTable|MarketData_CASH_EUR_RUB_IDEALPRO) _post_configure_properties() complete
2018-05-20 04:21:49,793 sqlalchemy.orm.mapper.Mapper INFO (MarketDataTable|MarketData_CASH_EUR_USD_IDEALPRO) _post_configure_properties() started
2018-05-20 04:21:49,793 sqlalchemy.orm.mapper.Mapper INFO (MarketDataTable|MarketData_CASH_EUR_USD_IDEALPRO) initialize prop datetime
2018-05-20 04:21:49,793 sqlalchemy.orm.mapper.Mapper INFO (MarketDataTable|MarketData_CASH_EUR_USD_IDEALPRO) initialize prop diffToNextRowInMinutes
2018-05-20 04:21:49,794 sqlalchemy.orm.mapper.Mapper INFO (MarketDataTable|MarketData_CASH_EUR_USD_IDEALPRO) initialize prop close
2018-05-20 04:21:49,794 sqlalchemy.orm.mapper.Mapper INFO (MarketDataTable|MarketData_CASH_EUR_USD_IDEALPRO) _post_configure_properties() complete
2018-05-20 04:21:49,794 sqlalchemy.orm.mapper.Mapper INFO (MarketDataTable|MarketData_CFD_IBDE30_EUR_SMART) _post_configure_properties() started
2018-05-20 04:21:49,794 sqlalchemy.orm.mapper.Mapper INFO (MarketDataTable|MarketData_CFD_IBDE30_EUR_SMART) initialize prop datetime
2018-05-20 04:21:49,794 sqlalchemy.orm.mapper.Mapper INFO (MarketDataTable|MarketData_CFD_IBDE30_EUR_SMART) initialize prop diffToNextRowInMinutes
2018-05-20 04:21:49,794 sqlalchemy.orm.mapper.Mapper INFO (MarketDataTable|MarketData_CFD_IBDE30_EUR_SMART) initialize prop close
2018-05-20 04:21:49,794 sqlalchemy.orm.mapper.Mapper INFO (MarketDataTable|MarketData_CFD_IBDE30_EUR_SMART) _post_configure_properties() complete
2018-05-20 04:21:49,794 sqlalchemy.orm.mapper.Mapper INFO (MarketDataTable|MarketData_IND_DAX_EUR_DTB) _post_configure_properties() started
2018-05-20 04:21:49,794 sqlalchemy.orm.mapper.Mapper INFO (MarketDataTable|MarketData_IND_DAX_EUR_DTB) initialize prop datetime
2018-05-20 04:21:49,794 sqlalchemy.orm.mapper.Mapper INFO (MarketDataTable|MarketData_IND_DAX_EUR_DTB) initialize prop diffToNextRowInMinutes
2018-05-20 04:21:49,794 sqlalchemy.orm.mapper.Mapper INFO (MarketDataTable|MarketData_IND_DAX_EUR_DTB) initialize prop close
2018-05-20 04:21:49,794 sqlalchemy.orm.mapper.Mapper INFO (MarketDataTable|MarketData_IND_DAX_EUR_DTB) _post_configure_properties() complete
2018-05-20 04:21:49,794 sqlalchemy.orm.mapper.Mapper INFO (MarketDataTable|MarketData_IND_HSC50_HKD_HKFE) _post_configure_properties() started
2018-05-20 04:21:49,794 sqlalchemy.orm.mapper.Mapper INFO (MarketDataTable|MarketData_IND_HSC50_HKD_HKFE) initialize prop datetime
2018-05-20 04:21:49,794 sqlalchemy.orm.mapper.Mapper INFO (MarketDataTable|MarketData_IND_HSC50_HKD_HKFE) initialize prop diffToNextRowInMinutes
2018-05-20 04:21:49,794 sqlalchemy.orm.mapper.Mapper INFO (MarketDataTable|MarketData_IND_HSC50_HKD_HKFE) initialize prop close
2018-05-20 04:21:49,794 sqlalchemy.orm.mapper.Mapper INFO (MarketDataTable|MarketData_IND_HSC50_HKD_HKFE) _post_configure_properties() complete
2018-05-20 04:21:49,794 sqlalchemy.orm.mapper.Mapper INFO (MarketDataTable|MarketData_IND_INDU_USD_CME) _post_configure_properties() started
2018-05-20 04:21:49,794 sqlalchemy.orm.mapper.Mapper INFO (MarketDataTable|MarketData_IND_INDU_USD_CME) initialize prop datetime
2018-05-20 04:21:49,795 sqlalchemy.orm.mapper.Mapper INFO (MarketDataTable|MarketData_IND_INDU_USD_CME) initialize prop diffToNextRowInMinutes
2018-05-20 04:21:49,795 sqlalchemy.orm.mapper.Mapper INFO (MarketDataTable|MarketData_IND_INDU_USD_CME) initialize prop close
2018-05-20 04:21:49,795 sqlalchemy.orm.mapper.Mapper INFO (MarketDataTable|MarketData_IND_INDU_USD_CME) _post_configure_properties() complete
2018-05-20 04:21:49,795 sqlalchemy.orm.mapper.Mapper INFO (MarketDataTable|MarketData_IND_N225_JPY_OSE.JPN) _post_configure_properties() started
2018-05-20 04:21:49,795 sqlalchemy.orm.mapper.Mapper INFO (MarketDataTable|MarketData_IND_N225_JPY_OSE.JPN) initialize prop datetime
2018-05-20 04:21:49,795 sqlalchemy.orm.mapper.Mapper INFO (MarketDataTable|MarketData_IND_N225_JPY_OSE.JPN) initialize prop diffToNextRowInMinutes
2018-05-20 04:21:49,795 sqlalchemy.orm.mapper.Mapper INFO (MarketDataTable|MarketData_IND_N225_JPY_OSE.JPN) initialize prop close
2018-05-20 04:21:49,795 sqlalchemy.orm.mapper.Mapper INFO (MarketDataTable|MarketData_IND_N225_JPY_OSE.JPN) _post_configure_properties() complete
2018-05-20 04:21:49,795 sqlalchemy.orm.mapper.Mapper INFO (MarketDataTable|MarketData_IND_SPX_USD_CBOE) _post_configure_properties() started
2018-05-20 04:21:49,795 sqlalchemy.orm.mapper.Mapper INFO (MarketDataTable|MarketData_IND_SPX_USD_CBOE) initialize prop datetime
2018-05-20 04:21:49,795 sqlalchemy.orm.mapper.Mapper INFO (MarketDataTable|MarketData_IND_SPX_USD_CBOE) initialize prop diffToNextRowInMinutes
2018-05-20 04:21:49,795 sqlalchemy.orm.mapper.Mapper INFO (MarketDataTable|MarketData_IND_SPX_USD_CBOE) initialize prop close
2018-05-20 04:21:49,795 sqlalchemy.orm.mapper.Mapper INFO (MarketDataTable|MarketData_IND_SPX_USD_CBOE) _post_configure_properties() complete
2018-05-20 04:21:49,795 sqlalchemy.engine.base.Engine INFO BEGIN (implicit)
2018-05-20 04:21:49,796 sqlalchemy.engine.base.Engine INFO INSERT OR REPLACE INTO "MarketDataInfoTable" ("tableName", "conId", symbol, currency, exchange, category, "secType", "earliestDateTime") VALUES (?, ?, ?, ?, ?, ?, ?, ?)
2018-05-20 04:21:49,796 sqlalchemy.engine.base.Engine INFO ('MarketData_CASH_EUR_AUD_IDEALPRO', 15016065, 'EUR', 'AUD', 'IDEALPRO', 'MarketData', 'CASH', '2005-09-28 03:30:00.000000')
2018-05-20 04:21:49,796 sqlalchemy.engine.base.Engine INFO INSERT OR REPLACE INTO "MarketDataInfoTable" ("tableName", "conId", symbol, currency, exchange, category, "secType", "earliestDateTime") VALUES (?, ?, ?, ?, ?, ?, ?, ?)
2018-05-20 04:21:49,796 sqlalchemy.engine.base.Engine INFO ('MarketData_CASH_EUR_CAD_IDEALPRO', 15016068, 'EUR', 'CAD', 'IDEALPRO', 'MarketData', 'CASH', '2005-03-09 04:30:00.000000')
2018-05-20 04:21:49,797 sqlalchemy.engine.base.Engine INFO INSERT OR REPLACE INTO "MarketDataInfoTable" ("tableName", "conId", symbol, currency, exchange, category, "secType", "earliestDateTime") VALUES (?, ?, ?, ?, ?, ?, ?, ?)
2018-05-20 04:21:49,797 sqlalchemy.engine.base.Engine INFO ('MarketData_CASH_EUR_USD_IDEALPRO', 12087792, 'EUR', 'USD', 'IDEALPRO', 'MarketData', 'CASH', '2005-03-09 04:30:00.000000')
2018-05-20 04:21:49,797 sqlalchemy.engine.base.Engine INFO INSERT OR REPLACE INTO "MarketDataInfoTable" ("tableName", "conId", symbol, currency, exchange, category, "secType", "earliestDateTime") VALUES (?, ?, ?, ?, ?, ?, ?, ?)
2018-05-20 04:21:49,797 sqlalchemy.engine.base.Engine INFO ('MarketData_CASH_EUR_GBP_IDEALPRO', 12087807, 'EUR', 'GBP', 'IDEALPRO', 'MarketData', 'CASH', '2005-03-09 04:30:00.000000')
2018-05-20 04:21:49,798 sqlalchemy.engine.base.Engine INFO INSERT OR REPLACE INTO "MarketDataInfoTable" ("tableName", "conId", symbol, currency, exchange, category, "secType", "earliestDateTime") VALUES (?, ?, ?, ?, ?, ?, ?, ?)
2018-05-20 04:21:49,798 sqlalchemy.engine.base.Engine INFO ('MarketData_CASH_EUR_CHF_IDEALPRO', 12087817, 'EUR', 'CHF', 'IDEALPRO', 'MarketData', 'CASH', '2005-03-09 04:30:00.000000')
2018-05-20 04:21:49,798 sqlalchemy.engine.base.Engine INFO INSERT OR REPLACE INTO "MarketDataInfoTable" ("tableName", "conId", symbol, currency, exchange, category, "secType", "earliestDateTime") VALUES (?, ?, ?, ?, ?, ?, ?, ?)
2018-05-20 04:21:49,798 sqlalchemy.engine.base.Engine INFO ('MarketData_CASH_EUR_JPY_IDEALPRO', 14321016, 'EUR', 'JPY', 'IDEALPRO', 'MarketData', 'CASH', '2005-03-09 04:30:00.000000')
2018-05-20 04:21:49,798 sqlalchemy.engine.base.Engine INFO INSERT OR REPLACE INTO "MarketDataInfoTable" ("tableName", "conId", symbol, currency, exchange, category, "secType", "earliestDateTime") VALUES (?, ?, ?, ?, ?, ?, ?, ?)
2018-05-20 04:21:49,799 sqlalchemy.engine.base.Engine INFO ('MarketData_CASH_EUR_CNH_IDEALPRO', 114900041, 'EUR', 'CNH', 'IDEALPRO', 'MarketData', 'CASH', '2012-10-02 21:15:00.000000')
2018-05-20 04:21:49,799 sqlalchemy.engine.base.Engine INFO INSERT OR REPLACE INTO "MarketDataInfoTable" ("tableName", "conId", symbol, currency, exchange, category, "secType", "earliestDateTime") VALUES (?, ?, ?, ?, ?, ?, ?, ?)
2018-05-20 04:21:49,799 sqlalchemy.engine.base.Engine INFO ('MarketData_CASH_EUR_RUB_IDEALPRO', 92620186, 'EUR', 'RUB', 'IDEALPRO', 'MarketData', 'CASH', '2012-06-10 21:15:00.000000')
2018-05-20 04:21:49,799 sqlalchemy.engine.base.Engine INFO INSERT OR REPLACE INTO "MarketDataInfoTable" ("tableName", "conId", symbol, currency, exchange, category, "secType", "earliestDateTime") VALUES (?, ?, ?, ?, ?, ?, ?, ?)
2018-05-20 04:21:49,799 sqlalchemy.engine.base.Engine INFO ('MarketData_IND_DAX_EUR_DTB', 825711, 'DAX', 'EUR', 'DTB', 'MarketData', 'IND', '2005-06-28 07:00:00.000000')
2018-05-20 04:21:49,800 sqlalchemy.engine.base.Engine INFO INSERT OR REPLACE INTO "MarketDataInfoTable" ("tableName", "conId", symbol, currency, exchange, category, "secType", "earliestDateTime") VALUES (?, ?, ?, ?, ?, ?, ?, ?)
2018-05-20 04:21:49,800 sqlalchemy.engine.base.Engine INFO ('MarketData_IND_INDU_USD_CME', 1935181, 'INDU', 'USD', 'CME', 'MarketData', 'IND', None)
2018-05-20 04:21:49,800 sqlalchemy.engine.base.Engine INFO INSERT OR REPLACE INTO "MarketDataInfoTable" ("tableName", "conId", symbol, currency, exchange, category, "secType", "earliestDateTime") VALUES (?, ?, ?, ?, ?, ?, ?, ?)
2018-05-20 04:21:49,800 sqlalchemy.engine.base.Engine INFO ('MarketData_IND_SPX_USD_CBOE', 416904, 'SPX', 'USD', 'CBOE', 'MarketData', 'IND', None)
2018-05-20 04:21:49,801 sqlalchemy.engine.base.Engine INFO INSERT OR REPLACE INTO "MarketDataInfoTable" ("tableName", "conId", symbol, currency, exchange, category, "secType", "earliestDateTime") VALUES (?, ?, ?, ?, ?, ?, ?, ?)
2018-05-20 04:21:49,801 sqlalchemy.engine.base.Engine INFO ('MarketData_IND_HSC50_HKD_HKFE', 74084607, 'HSC50', 'HKD', 'HKFE', 'MarketData', 'IND', None)
2018-05-20 04:21:49,801 sqlalchemy.engine.base.Engine INFO INSERT OR REPLACE INTO "MarketDataInfoTable" ("tableName", "conId", symbol, currency, exchange, category, "secType", "earliestDateTime") VALUES (?, ?, ?, ?, ?, ?, ?, ?)
2018-05-20 04:21:49,801 sqlalchemy.engine.base.Engine INFO ('MarketData_IND_N225_JPY_OSE.JPN', 14087999, 'N225', 'JPY', 'OSE.JPN', 'MarketData', 'IND', '2005-06-30 00:00:00.000000')
2018-05-20 04:21:49,801 sqlalchemy.engine.base.Engine INFO INSERT OR REPLACE INTO "MarketDataInfoTable" ("tableName", "conId", symbol, currency, exchange, category, "secType", "earliestDateTime") VALUES (?, ?, ?, ?, ?, ?, ?, ?)
2018-05-20 04:21:49,802 sqlalchemy.engine.base.Engine INFO ('MarketData_CFD_IBDE30_EUR_SMART', 111987422, 'IBDE30', 'EUR', 'SMART', 'MarketData', 'CFD', '2012-08-14 07:00:00.000000')
2018-05-20 04:21:49,802 sqlalchemy.engine.base.Engine INFO COMMIT
2018-05-20 04:21:50,058 sqlalchemy.engine.base.Engine INFO PRAGMA table_info("MarketDataInfoTable")
2018-05-20 04:21:50,058 sqlalchemy.engine.base.Engine INFO ()
2018-05-20 04:21:50,060 sqlalchemy.engine.base.Engine INFO BEGIN (implicit)
2018-05-20 04:21:50,060 sqlalchemy.engine.base.Engine INFO SELECT count(*) AS count_1 
FROM (SELECT "MarketDataInfoTable"."tableName" AS "MarketDataInfoTable_tableName", "MarketDataInfoTable".description AS "MarketDataInfoTable_description", "MarketDataInfoTable"."conId" AS "MarketDataInfoTable_conId", "MarketDataInfoTable".symbol AS "MarketDataInfoTable_symbol", "MarketDataInfoTable".currency AS "MarketDataInfoTable_currency", "MarketDataInfoTable".exchange AS "MarketDataInfoTable_exchange", "MarketDataInfoTable".category AS "MarketDataInfoTable_category", "MarketDataInfoTable"."secType" AS "MarketDataInfoTable_secType", "MarketDataInfoTable"."earliestDateTime" AS "MarketDataInfoTable_earliestDateTime" 
FROM "MarketDataInfoTable") AS anon_1
2018-05-20 04:21:50,060 sqlalchemy.engine.base.Engine INFO ()
2018-05-20 04:21:50,061 sqlalchemy.engine.base.Engine INFO SELECT "MarketDataInfoTable"."tableName", "MarketDataInfoTable".description, "MarketDataInfoTable"."conId", "MarketDataInfoTable".symbol, "MarketDataInfoTable".currency, "MarketDataInfoTable".exchange, "MarketDataInfoTable".category, "MarketDataInfoTable"."secType", "MarketDataInfoTable"."earliestDateTime" 
FROM "MarketDataInfoTable" ORDER BY "MarketDataInfoTable"."tableName"
2018-05-20 04:21:50,061 sqlalchemy.engine.base.Engine INFO ()
2018-05-20 04:21:50,063 sqlalchemy.engine.base.Engine INFO SELECT "MarketDataInfoTable"."tableName" AS "MarketDataInfoTable_tableName" 
FROM "MarketDataInfoTable" ORDER BY "MarketDataInfoTable"."tableName"
2018-05-20 04:21:50,063 sqlalchemy.engine.base.Engine INFO ()
2018-05-20 04:21:50,644 sqlalchemy.engine.base.Engine INFO ROLLBACK
2018-05-20 04:21:50,644 ib_insync.ib INFO BN added disconnect in ib
2018-05-20 04:21:50,644 ib_insync.ib INFO Disconnecting from 127.0.0.1:4002, 2.18 kB sent in 48 messages, 75.5 kB received in 443 messages, session time 35.3 s.
2018-05-20 04:22:17,571 quamash INFO Using Qt Implementation: PyQt5
2018-05-20 04:22:17,604 ib_insync.client INFO Connecting to 127.0.0.1:4002 with clientId 24...
2018-05-20 04:22:17,604 ib_insync.client INFO Connected
2018-05-20 04:22:17,606 ib_insync.client INFO Logged on to server version 141
2018-05-20 04:22:18,107 ib_insync.client ERROR Peer closed connection
2018-05-20 04:22:18,107 ib_insync.client ERROR clientId 24 already in use?
2018-05-20 04:22:19,606 ib_insync.client ERROR API connection failed: TimeoutError()
2018-05-20 04:22:19,606 ib_insync.client INFO Connecting to 127.0.0.1:4002 with clientId 29964...
2018-05-20 04:22:19,607 ib_insync.client INFO Connected
2018-05-20 04:22:19,611 ib_insync.client INFO Logged on to server version 141
2018-05-20 04:22:19,655 ib_insync.wrapper INFO Warning 2104, reqId -1: Market data farm connection is OK:jfarm
2018-05-20 04:22:19,655 ib_insync.wrapper INFO Warning 2106, reqId -1: HMDS data farm connection is OK:euhmds
2018-05-20 04:22:19,655 ib_insync.wrapper INFO Warning 2106, reqId -1: HMDS data farm connection is OK:hkhmds
2018-05-20 04:22:19,655 ib_insync.wrapper INFO Warning 2106, reqId -1: HMDS data farm connection is OK:cashhmds
2018-05-20 04:22:19,655 ib_insync.client INFO API connection ready
2018-05-20 04:22:19,703 ib_insync.wrapper INFO updatePortfolio: PortfolioItem(contract=Contract(secType='CASH', conId=12087792, symbol='EUR', right='0', primaryExchange='IDEALPRO', currency='USD', localSymbol='EUR.USD', tradingClass='EUR.USD'), position=186000.0, marketPrice=1.17709995, marketValue=218940.59, averageCost=1.2182257, unrealizedPNL=-7649.39, realizedPNL=0.0, account='DU946735')
2018-05-20 04:22:19,703 ib_insync.wrapper INFO position: Position(account='DU946735', contract=Contract(secType='CASH', conId=12087792, symbol='EUR', currency='USD', localSymbol='EUR.USD', tradingClass='EUR.USD'), position=186000.0, avgCost=1.2182257)
2018-05-20 04:22:19,708 ib_insync.ib INFO Synchronization complete
2018-05-20 04:22:19,718 asyncio ERROR _GatheringFuture exception was never retrieved
future: <_GatheringFuture finished exception=CancelledError()>
concurrent.futures._base.CancelledError
2018-05-20 04:22:31,093 trading.utils WARNING Timeout while requesting the earliestDateTime for contract Contract(secType='IND', conId=1935181, symbol='INDU', exchange='CME', currency='USD', localSymbol='DJI')
2018-05-20 04:22:41,141 trading.utils WARNING Timeout while requesting the earliestDateTime for contract Contract(secType='IND', conId=416904, symbol='SPX', exchange='CBOE', currency='USD', localSymbol='SPX')
2018-05-20 04:22:41,976 sqlalchemy.engine.base.Engine INFO PRAGMA table_info("MarketDataInfoTable")
2018-05-20 04:22:41,976 sqlalchemy.engine.base.Engine INFO ()
2018-05-20 04:22:41,977 sqlalchemy.engine.base.Engine INFO PRAGMA table_info("MarketDataHistoricalRequestsPositionTable")
2018-05-20 04:22:41,977 sqlalchemy.engine.base.Engine INFO ()
2018-05-20 04:22:41,977 sqlalchemy.engine.base.Engine INFO PRAGMA table_info("MarketData_CASH_EUR_AUD_IDEALPRO")
2018-05-20 04:22:41,977 sqlalchemy.engine.base.Engine INFO ()
2018-05-20 04:22:41,977 sqlalchemy.engine.base.Engine INFO PRAGMA table_info("MarketData_CASH_EUR_CAD_IDEALPRO")
2018-05-20 04:22:41,977 sqlalchemy.engine.base.Engine INFO ()
2018-05-20 04:22:41,977 sqlalchemy.engine.base.Engine INFO PRAGMA table_info("MarketData_CASH_EUR_CHF_IDEALPRO")
2018-05-20 04:22:41,977 sqlalchemy.engine.base.Engine INFO ()
2018-05-20 04:22:41,977 sqlalchemy.engine.base.Engine INFO PRAGMA table_info("MarketData_CASH_EUR_CNH_IDEALPRO")
2018-05-20 04:22:41,977 sqlalchemy.engine.base.Engine INFO ()
2018-05-20 04:22:41,977 sqlalchemy.engine.base.Engine INFO PRAGMA table_info("MarketData_CASH_EUR_GBP_IDEALPRO")
2018-05-20 04:22:41,978 sqlalchemy.engine.base.Engine INFO ()
2018-05-20 04:22:41,978 sqlalchemy.engine.base.Engine INFO PRAGMA table_info("MarketData_CASH_EUR_JPY_IDEALPRO")
2018-05-20 04:22:41,978 sqlalchemy.engine.base.Engine INFO ()
2018-05-20 04:22:41,978 sqlalchemy.engine.base.Engine INFO PRAGMA table_info("MarketData_CASH_EUR_RUB_IDEALPRO")
2018-05-20 04:22:41,978 sqlalchemy.engine.base.Engine INFO ()
2018-05-20 04:22:41,978 sqlalchemy.engine.base.Engine INFO PRAGMA table_info("MarketData_CASH_EUR_USD_IDEALPRO")
2018-05-20 04:22:41,978 sqlalchemy.engine.base.Engine INFO ()
2018-05-20 04:22:41,978 sqlalchemy.engine.base.Engine INFO PRAGMA table_info("MarketData_CFD_IBDE30_EUR_SMART")
2018-05-20 04:22:41,978 sqlalchemy.engine.base.Engine INFO ()
2018-05-20 04:22:41,978 sqlalchemy.engine.base.Engine INFO PRAGMA table_info("MarketData_IND_DAX_EUR_DTB")
2018-05-20 04:22:41,978 sqlalchemy.engine.base.Engine INFO ()
2018-05-20 04:22:41,978 sqlalchemy.engine.base.Engine INFO PRAGMA table_info("MarketData_IND_HSC50_HKD_HKFE")
2018-05-20 04:22:41,978 sqlalchemy.engine.base.Engine INFO ()
2018-05-20 04:22:41,978 sqlalchemy.engine.base.Engine INFO PRAGMA table_info("MarketData_IND_INDU_USD_CME")
2018-05-20 04:22:41,979 sqlalchemy.engine.base.Engine INFO ()
2018-05-20 04:22:41,979 sqlalchemy.engine.base.Engine INFO PRAGMA table_info("MarketData_IND_N225_JPY_OSE.JPN")
2018-05-20 04:22:41,979 sqlalchemy.engine.base.Engine INFO ()
2018-05-20 04:22:41,979 sqlalchemy.engine.base.Engine INFO PRAGMA table_info("MarketData_IND_SPX_USD_CBOE")
2018-05-20 04:22:41,979 sqlalchemy.engine.base.Engine INFO ()
2018-05-20 04:22:41,979 sqlalchemy.orm.mapper.Mapper INFO (MarketDataTable|MarketData_CASH_EUR_AUD_IDEALPRO) _post_configure_properties() started
2018-05-20 04:22:41,980 sqlalchemy.orm.mapper.Mapper INFO (MarketDataTable|MarketData_CASH_EUR_AUD_IDEALPRO) initialize prop datetime
2018-05-20 04:22:41,980 sqlalchemy.orm.mapper.Mapper INFO (MarketDataTable|MarketData_CASH_EUR_AUD_IDEALPRO) initialize prop diffToNextRowInMinutes
2018-05-20 04:22:41,980 sqlalchemy.orm.mapper.Mapper INFO (MarketDataTable|MarketData_CASH_EUR_AUD_IDEALPRO) initialize prop close
2018-05-20 04:22:41,980 sqlalchemy.orm.mapper.Mapper INFO (MarketDataTable|MarketData_CASH_EUR_AUD_IDEALPRO) _post_configure_properties() complete
2018-05-20 04:22:41,980 sqlalchemy.orm.mapper.Mapper INFO (MarketDataTable|MarketData_CASH_EUR_CAD_IDEALPRO) _post_configure_properties() started
2018-05-20 04:22:41,980 sqlalchemy.orm.mapper.Mapper INFO (MarketDataTable|MarketData_CASH_EUR_CAD_IDEALPRO) initialize prop datetime
2018-05-20 04:22:41,980 sqlalchemy.orm.mapper.Mapper INFO (MarketDataTable|MarketData_CASH_EUR_CAD_IDEALPRO) initialize prop diffToNextRowInMinutes
2018-05-20 04:22:41,980 sqlalchemy.orm.mapper.Mapper INFO (MarketDataTable|MarketData_CASH_EUR_CAD_IDEALPRO) initialize prop close
2018-05-20 04:22:41,980 sqlalchemy.orm.mapper.Mapper INFO (MarketDataTable|MarketData_CASH_EUR_CAD_IDEALPRO) _post_configure_properties() complete
2018-05-20 04:22:41,980 sqlalchemy.orm.mapper.Mapper INFO (MarketDataTable|MarketData_CASH_EUR_CHF_IDEALPRO) _post_configure_properties() started
2018-05-20 04:22:41,980 sqlalchemy.orm.mapper.Mapper INFO (MarketDataTable|MarketData_CASH_EUR_CHF_IDEALPRO) initialize prop datetime
2018-05-20 04:22:41,980 sqlalchemy.orm.mapper.Mapper INFO (MarketDataTable|MarketData_CASH_EUR_CHF_IDEALPRO) initialize prop diffToNextRowInMinutes
2018-05-20 04:22:41,980 sqlalchemy.orm.mapper.Mapper INFO (MarketDataTable|MarketData_CASH_EUR_CHF_IDEALPRO) initialize prop close
2018-05-20 04:22:41,981 sqlalchemy.orm.mapper.Mapper INFO (MarketDataTable|MarketData_CASH_EUR_CHF_IDEALPRO) _post_configure_properties() complete
2018-05-20 04:22:41,981 sqlalchemy.orm.mapper.Mapper INFO (MarketDataTable|MarketData_CASH_EUR_CNH_IDEALPRO) _post_configure_properties() started
2018-05-20 04:22:41,981 sqlalchemy.orm.mapper.Mapper INFO (MarketDataTable|MarketData_CASH_EUR_CNH_IDEALPRO) initialize prop datetime
2018-05-20 04:22:41,981 sqlalchemy.orm.mapper.Mapper INFO (MarketDataTable|MarketData_CASH_EUR_CNH_IDEALPRO) initialize prop diffToNextRowInMinutes
2018-05-20 04:22:41,981 sqlalchemy.orm.mapper.Mapper INFO (MarketDataTable|MarketData_CASH_EUR_CNH_IDEALPRO) initialize prop close
2018-05-20 04:22:41,981 sqlalchemy.orm.mapper.Mapper INFO (MarketDataTable|MarketData_CASH_EUR_CNH_IDEALPRO) _post_configure_properties() complete
2018-05-20 04:22:41,981 sqlalchemy.orm.mapper.Mapper INFO (MarketDataTable|MarketData_CASH_EUR_GBP_IDEALPRO) _post_configure_properties() started
2018-05-20 04:22:41,981 sqlalchemy.orm.mapper.Mapper INFO (MarketDataTable|MarketData_CASH_EUR_GBP_IDEALPRO) initialize prop datetime
2018-05-20 04:22:41,981 sqlalchemy.orm.mapper.Mapper INFO (MarketDataTable|MarketData_CASH_EUR_GBP_IDEALPRO) initialize prop diffToNextRowInMinutes
2018-05-20 04:22:41,981 sqlalchemy.orm.mapper.Mapper INFO (MarketDataTable|MarketData_CASH_EUR_GBP_IDEALPRO) initialize prop close
2018-05-20 04:22:41,981 sqlalchemy.orm.mapper.Mapper INFO (MarketDataTable|MarketData_CASH_EUR_GBP_IDEALPRO) _post_configure_properties() complete
2018-05-20 04:22:41,981 sqlalchemy.orm.mapper.Mapper INFO (MarketDataTable|MarketData_CASH_EUR_JPY_IDEALPRO) _post_configure_properties() started
2018-05-20 04:22:41,981 sqlalchemy.orm.mapper.Mapper INFO (MarketDataTable|MarketData_CASH_EUR_JPY_IDEALPRO) initialize prop datetime
2018-05-20 04:22:41,981 sqlalchemy.orm.mapper.Mapper INFO (MarketDataTable|MarketData_CASH_EUR_JPY_IDEALPRO) initialize prop diffToNextRowInMinutes
2018-05-20 04:22:41,981 sqlalchemy.orm.mapper.Mapper INFO (MarketDataTable|MarketData_CASH_EUR_JPY_IDEALPRO) initialize prop close
2018-05-20 04:22:41,981 sqlalchemy.orm.mapper.Mapper INFO (MarketDataTable|MarketData_CASH_EUR_JPY_IDEALPRO) _post_configure_properties() complete
2018-05-20 04:22:41,981 sqlalchemy.orm.mapper.Mapper INFO (MarketDataTable|MarketData_CASH_EUR_RUB_IDEALPRO) _post_configure_properties() started
2018-05-20 04:22:41,981 sqlalchemy.orm.mapper.Mapper INFO (MarketDataTable|MarketData_CASH_EUR_RUB_IDEALPRO) initialize prop datetime
2018-05-20 04:22:41,981 sqlalchemy.orm.mapper.Mapper INFO (MarketDataTable|MarketData_CASH_EUR_RUB_IDEALPRO) initialize prop diffToNextRowInMinutes
2018-05-20 04:22:41,982 sqlalchemy.orm.mapper.Mapper INFO (MarketDataTable|MarketData_CASH_EUR_RUB_IDEALPRO) initialize prop close
2018-05-20 04:22:41,982 sqlalchemy.orm.mapper.Mapper INFO (MarketDataTable|MarketData_CASH_EUR_RUB_IDEALPRO) _post_configure_properties() complete
2018-05-20 04:22:41,982 sqlalchemy.orm.mapper.Mapper INFO (MarketDataTable|MarketData_CASH_EUR_USD_IDEALPRO) _post_configure_properties() started
2018-05-20 04:22:41,982 sqlalchemy.orm.mapper.Mapper INFO (MarketDataTable|MarketData_CASH_EUR_USD_IDEALPRO) initialize prop datetime
2018-05-20 04:22:41,982 sqlalchemy.orm.mapper.Mapper INFO (MarketDataTable|MarketData_CASH_EUR_USD_IDEALPRO) initialize prop diffToNextRowInMinutes
2018-05-20 04:22:41,982 sqlalchemy.orm.mapper.Mapper INFO (MarketDataTable|MarketData_CASH_EUR_USD_IDEALPRO) initialize prop close
2018-05-20 04:22:41,982 sqlalchemy.orm.mapper.Mapper INFO (MarketDataTable|MarketData_CASH_EUR_USD_IDEALPRO) _post_configure_properties() complete
2018-05-20 04:22:41,982 sqlalchemy.orm.mapper.Mapper INFO (MarketDataTable|MarketData_CFD_IBDE30_EUR_SMART) _post_configure_properties() started
2018-05-20 04:22:41,982 sqlalchemy.orm.mapper.Mapper INFO (MarketDataTable|MarketData_CFD_IBDE30_EUR_SMART) initialize prop datetime
2018-05-20 04:22:41,982 sqlalchemy.orm.mapper.Mapper INFO (MarketDataTable|MarketData_CFD_IBDE30_EUR_SMART) initialize prop diffToNextRowInMinutes
2018-05-20 04:22:41,982 sqlalchemy.orm.mapper.Mapper INFO (MarketDataTable|MarketData_CFD_IBDE30_EUR_SMART) initialize prop close
2018-05-20 04:22:41,982 sqlalchemy.orm.mapper.Mapper INFO (MarketDataTable|MarketData_CFD_IBDE30_EUR_SMART) _post_configure_properties() complete
2018-05-20 04:22:41,982 sqlalchemy.orm.mapper.Mapper INFO (MarketDataTable|MarketData_IND_DAX_EUR_DTB) _post_configure_properties() started
2018-05-20 04:22:41,982 sqlalchemy.orm.mapper.Mapper INFO (MarketDataTable|MarketData_IND_DAX_EUR_DTB) initialize prop datetime
2018-05-20 04:22:41,982 sqlalchemy.orm.mapper.Mapper INFO (MarketDataTable|MarketData_IND_DAX_EUR_DTB) initialize prop diffToNextRowInMinutes
2018-05-20 04:22:41,982 sqlalchemy.orm.mapper.Mapper INFO (MarketDataTable|MarketData_IND_DAX_EUR_DTB) initialize prop close
2018-05-20 04:22:41,982 sqlalchemy.orm.mapper.Mapper INFO (MarketDataTable|MarketData_IND_DAX_EUR_DTB) _post_configure_properties() complete
2018-05-20 04:22:41,982 sqlalchemy.orm.mapper.Mapper INFO (MarketDataTable|MarketData_IND_HSC50_HKD_HKFE) _post_configure_properties() started
2018-05-20 04:22:41,982 sqlalchemy.orm.mapper.Mapper INFO (MarketDataTable|MarketData_IND_HSC50_HKD_HKFE) initialize prop datetime
2018-05-20 04:22:41,983 sqlalchemy.orm.mapper.Mapper INFO (MarketDataTable|MarketData_IND_HSC50_HKD_HKFE) initialize prop diffToNextRowInMinutes
2018-05-20 04:22:41,983 sqlalchemy.orm.mapper.Mapper INFO (MarketDataTable|MarketData_IND_HSC50_HKD_HKFE) initialize prop close
2018-05-20 04:22:41,983 sqlalchemy.orm.mapper.Mapper INFO (MarketDataTable|MarketData_IND_HSC50_HKD_HKFE) _post_configure_properties() complete
2018-05-20 04:22:41,983 sqlalchemy.orm.mapper.Mapper INFO (MarketDataTable|MarketData_IND_INDU_USD_CME) _post_configure_properties() started
2018-05-20 04:22:41,983 sqlalchemy.orm.mapper.Mapper INFO (MarketDataTable|MarketData_IND_INDU_USD_CME) initialize prop datetime
2018-05-20 04:22:41,983 sqlalchemy.orm.mapper.Mapper INFO (MarketDataTable|MarketData_IND_INDU_USD_CME) initialize prop diffToNextRowInMinutes
2018-05-20 04:22:41,983 sqlalchemy.orm.mapper.Mapper INFO (MarketDataTable|MarketData_IND_INDU_USD_CME) initialize prop close
2018-05-20 04:22:41,983 sqlalchemy.orm.mapper.Mapper INFO (MarketDataTable|MarketData_IND_INDU_USD_CME) _post_configure_properties() complete
2018-05-20 04:22:41,983 sqlalchemy.orm.mapper.Mapper INFO (MarketDataTable|MarketData_IND_N225_JPY_OSE.JPN) _post_configure_properties() started
2018-05-20 04:22:41,983 sqlalchemy.orm.mapper.Mapper INFO (MarketDataTable|MarketData_IND_N225_JPY_OSE.JPN) initialize prop datetime
2018-05-20 04:22:41,983 sqlalchemy.orm.mapper.Mapper INFO (MarketDataTable|MarketData_IND_N225_JPY_OSE.JPN) initialize prop diffToNextRowInMinutes
2018-05-20 04:22:41,983 sqlalchemy.orm.mapper.Mapper INFO (MarketDataTable|MarketData_IND_N225_JPY_OSE.JPN) initialize prop close
2018-05-20 04:22:41,983 sqlalchemy.orm.mapper.Mapper INFO (MarketDataTable|MarketData_IND_N225_JPY_OSE.JPN) _post_configure_properties() complete
2018-05-20 04:22:41,983 sqlalchemy.orm.mapper.Mapper INFO (MarketDataTable|MarketData_IND_SPX_USD_CBOE) _post_configure_properties() started
2018-05-20 04:22:41,983 sqlalchemy.orm.mapper.Mapper INFO (MarketDataTable|MarketData_IND_SPX_USD_CBOE) initialize prop datetime
2018-05-20 04:22:41,983 sqlalchemy.orm.mapper.Mapper INFO (MarketDataTable|MarketData_IND_SPX_USD_CBOE) initialize prop diffToNextRowInMinutes
2018-05-20 04:22:41,983 sqlalchemy.orm.mapper.Mapper INFO (MarketDataTable|MarketData_IND_SPX_USD_CBOE) initialize prop close
2018-05-20 04:22:41,983 sqlalchemy.orm.mapper.Mapper INFO (MarketDataTable|MarketData_IND_SPX_USD_CBOE) _post_configure_properties() complete
2018-05-20 04:22:41,984 sqlalchemy.engine.base.Engine INFO BEGIN (implicit)
2018-05-20 04:22:41,984 sqlalchemy.engine.base.Engine INFO INSERT OR REPLACE INTO "MarketDataInfoTable" ("tableName", "conId", symbol, currency, exchange, category, "secType", "earliestDateTime") VALUES (?, ?, ?, ?, ?, ?, ?, ?)
2018-05-20 04:22:41,984 sqlalchemy.engine.base.Engine INFO ('MarketData_CASH_EUR_AUD_IDEALPRO', 15016065, 'EUR', 'AUD', 'IDEALPRO', 'MarketData', 'CASH', '2005-09-28 03:30:00.000000')
2018-05-20 04:22:41,985 sqlalchemy.engine.base.Engine INFO INSERT OR REPLACE INTO "MarketDataInfoTable" ("tableName", "conId", symbol, currency, exchange, category, "secType", "earliestDateTime") VALUES (?, ?, ?, ?, ?, ?, ?, ?)
2018-05-20 04:22:41,985 sqlalchemy.engine.base.Engine INFO ('MarketData_CASH_EUR_CAD_IDEALPRO', 15016068, 'EUR', 'CAD', 'IDEALPRO', 'MarketData', 'CASH', '2005-03-09 04:30:00.000000')
2018-05-20 04:22:41,985 sqlalchemy.engine.base.Engine INFO INSERT OR REPLACE INTO "MarketDataInfoTable" ("tableName", "conId", symbol, currency, exchange, category, "secType", "earliestDateTime") VALUES (?, ?, ?, ?, ?, ?, ?, ?)
2018-05-20 04:22:41,985 sqlalchemy.engine.base.Engine INFO ('MarketData_CASH_EUR_USD_IDEALPRO', 12087792, 'EUR', 'USD', 'IDEALPRO', 'MarketData', 'CASH', '2005-03-09 04:30:00.000000')
2018-05-20 04:22:41,986 sqlalchemy.engine.base.Engine INFO INSERT OR REPLACE INTO "MarketDataInfoTable" ("tableName", "conId", symbol, currency, exchange, category, "secType", "earliestDateTime") VALUES (?, ?, ?, ?, ?, ?, ?, ?)
2018-05-20 04:22:41,986 sqlalchemy.engine.base.Engine INFO ('MarketData_CASH_EUR_GBP_IDEALPRO', 12087807, 'EUR', 'GBP', 'IDEALPRO', 'MarketData', 'CASH', '2005-03-09 04:30:00.000000')
2018-05-20 04:22:41,986 sqlalchemy.engine.base.Engine INFO INSERT OR REPLACE INTO "MarketDataInfoTable" ("tableName", "conId", symbol, currency, exchange, category, "secType", "earliestDateTime") VALUES (?, ?, ?, ?, ?, ?, ?, ?)
2018-05-20 04:22:41,986 sqlalchemy.engine.base.Engine INFO ('MarketData_CASH_EUR_CHF_IDEALPRO', 12087817, 'EUR', 'CHF', 'IDEALPRO', 'MarketData', 'CASH', '2005-03-09 04:30:00.000000')
2018-05-20 04:22:41,987 sqlalchemy.engine.base.Engine INFO INSERT OR REPLACE INTO "MarketDataInfoTable" ("tableName", "conId", symbol, currency, exchange, category, "secType", "earliestDateTime") VALUES (?, ?, ?, ?, ?, ?, ?, ?)
2018-05-20 04:22:41,987 sqlalchemy.engine.base.Engine INFO ('MarketData_CASH_EUR_JPY_IDEALPRO', 14321016, 'EUR', 'JPY', 'IDEALPRO', 'MarketData', 'CASH', '2005-03-09 04:30:00.000000')
2018-05-20 04:22:41,987 sqlalchemy.engine.base.Engine INFO INSERT OR REPLACE INTO "MarketDataInfoTable" ("tableName", "conId", symbol, currency, exchange, category, "secType", "earliestDateTime") VALUES (?, ?, ?, ?, ?, ?, ?, ?)
2018-05-20 04:22:41,987 sqlalchemy.engine.base.Engine INFO ('MarketData_CASH_EUR_CNH_IDEALPRO', 114900041, 'EUR', 'CNH', 'IDEALPRO', 'MarketData', 'CASH', '2012-10-02 21:15:00.000000')
2018-05-20 04:22:41,987 sqlalchemy.engine.base.Engine INFO INSERT OR REPLACE INTO "MarketDataInfoTable" ("tableName", "conId", symbol, currency, exchange, category, "secType", "earliestDateTime") VALUES (?, ?, ?, ?, ?, ?, ?, ?)
2018-05-20 04:22:41,987 sqlalchemy.engine.base.Engine INFO ('MarketData_CASH_EUR_RUB_IDEALPRO', 92620186, 'EUR', 'RUB', 'IDEALPRO', 'MarketData', 'CASH', '2012-06-10 21:15:00.000000')
2018-05-20 04:22:41,988 sqlalchemy.engine.base.Engine INFO INSERT OR REPLACE INTO "MarketDataInfoTable" ("tableName", "conId", symbol, currency, exchange, category, "secType", "earliestDateTime") VALUES (?, ?, ?, ?, ?, ?, ?, ?)
2018-05-20 04:22:41,988 sqlalchemy.engine.base.Engine INFO ('MarketData_IND_DAX_EUR_DTB', 825711, 'DAX', 'EUR', 'DTB', 'MarketData', 'IND', '2005-06-28 07:00:00.000000')
2018-05-20 04:22:41,988 sqlalchemy.engine.base.Engine INFO INSERT OR REPLACE INTO "MarketDataInfoTable" ("tableName", "conId", symbol, currency, exchange, category, "secType", "earliestDateTime") VALUES (?, ?, ?, ?, ?, ?, ?, ?)
2018-05-20 04:22:41,988 sqlalchemy.engine.base.Engine INFO ('MarketData_IND_INDU_USD_CME', 1935181, 'INDU', 'USD', 'CME', 'MarketData', 'IND', None)
2018-05-20 04:22:41,989 sqlalchemy.engine.base.Engine INFO INSERT OR REPLACE INTO "MarketDataInfoTable" ("tableName", "conId", symbol, currency, exchange, category, "secType", "earliestDateTime") VALUES (?, ?, ?, ?, ?, ?, ?, ?)
2018-05-20 04:22:41,989 sqlalchemy.engine.base.Engine INFO ('MarketData_IND_SPX_USD_CBOE', 416904, 'SPX', 'USD', 'CBOE', 'MarketData', 'IND', None)
2018-05-20 04:22:41,989 sqlalchemy.engine.base.Engine INFO INSERT OR REPLACE INTO "MarketDataInfoTable" ("tableName", "conId", symbol, currency, exchange, category, "secType", "earliestDateTime") VALUES (?, ?, ?, ?, ?, ?, ?, ?)
2018-05-20 04:22:41,989 sqlalchemy.engine.base.Engine INFO ('MarketData_IND_HSC50_HKD_HKFE', 74084607, 'HSC50', 'HKD', 'HKFE', 'MarketData', 'IND', None)
2018-05-20 04:22:41,989 sqlalchemy.engine.base.Engine INFO INSERT OR REPLACE INTO "MarketDataInfoTable" ("tableName", "conId", symbol, currency, exchange, category, "secType", "earliestDateTime") VALUES (?, ?, ?, ?, ?, ?, ?, ?)
2018-05-20 04:22:41,990 sqlalchemy.engine.base.Engine INFO ('MarketData_IND_N225_JPY_OSE.JPN', 14087999, 'N225', 'JPY', 'OSE.JPN', 'MarketData', 'IND', '2005-06-30 00:00:00.000000')
2018-05-20 04:22:41,990 sqlalchemy.engine.base.Engine INFO INSERT OR REPLACE INTO "MarketDataInfoTable" ("tableName", "conId", symbol, currency, exchange, category, "secType", "earliestDateTime") VALUES (?, ?, ?, ?, ?, ?, ?, ?)
2018-05-20 04:22:41,990 sqlalchemy.engine.base.Engine INFO ('MarketData_CFD_IBDE30_EUR_SMART', 111987422, 'IBDE30', 'EUR', 'SMART', 'MarketData', 'CFD', '2012-08-14 07:00:00.000000')
2018-05-20 04:22:41,990 sqlalchemy.engine.base.Engine INFO COMMIT
2018-05-20 04:22:42,201 sqlalchemy.engine.base.Engine INFO PRAGMA table_info("MarketDataInfoTable")
2018-05-20 04:22:42,201 sqlalchemy.engine.base.Engine INFO ()
2018-05-20 04:22:42,208 sqlalchemy.engine.base.Engine INFO BEGIN (implicit)
2018-05-20 04:22:42,210 sqlalchemy.engine.base.Engine INFO SELECT count(*) AS count_1 
FROM (SELECT "MarketDataInfoTable"."tableName" AS "MarketDataInfoTable_tableName", "MarketDataInfoTable".description AS "MarketDataInfoTable_description", "MarketDataInfoTable"."conId" AS "MarketDataInfoTable_conId", "MarketDataInfoTable".symbol AS "MarketDataInfoTable_symbol", "MarketDataInfoTable".currency AS "MarketDataInfoTable_currency", "MarketDataInfoTable".exchange AS "MarketDataInfoTable_exchange", "MarketDataInfoTable".category AS "MarketDataInfoTable_category", "MarketDataInfoTable"."secType" AS "MarketDataInfoTable_secType", "MarketDataInfoTable"."earliestDateTime" AS "MarketDataInfoTable_earliestDateTime" 
FROM "MarketDataInfoTable") AS anon_1
2018-05-20 04:22:42,210 sqlalchemy.engine.base.Engine INFO ()
2018-05-20 04:22:42,215 sqlalchemy.engine.base.Engine INFO SELECT "MarketDataInfoTable"."tableName", "MarketDataInfoTable".description, "MarketDataInfoTable"."conId", "MarketDataInfoTable".symbol, "MarketDataInfoTable".currency, "MarketDataInfoTable".exchange, "MarketDataInfoTable".category, "MarketDataInfoTable"."secType", "MarketDataInfoTable"."earliestDateTime" 
FROM "MarketDataInfoTable" ORDER BY "MarketDataInfoTable"."tableName"
2018-05-20 04:22:42,216 sqlalchemy.engine.base.Engine INFO ()
2018-05-20 04:22:42,223 sqlalchemy.engine.base.Engine INFO SELECT "MarketDataInfoTable"."tableName" AS "MarketDataInfoTable_tableName" 
FROM "MarketDataInfoTable" ORDER BY "MarketDataInfoTable"."tableName"
2018-05-20 04:22:42,224 sqlalchemy.engine.base.Engine INFO ()
2018-05-20 04:22:42,684 sqlalchemy.engine.base.Engine INFO ROLLBACK
2018-05-20 04:22:42,684 ib_insync.ib INFO BN added disconnect in ib
2018-05-20 04:22:42,685 ib_insync.ib INFO Disconnecting from 127.0.0.1:4002, 2.19 kB sent in 48 messages, 74.4 kB received in 432 messages, session time 23.1 s.
2018-05-20 04:25:34,009 quamash INFO Using Qt Implementation: PyQt5
2018-05-20 04:25:34,039 ib_insync.client INFO Connecting to 127.0.0.1:4002 with clientId 24...
2018-05-20 04:25:34,040 ib_insync.client INFO Connected
2018-05-20 04:25:34,044 ib_insync.client INFO Logged on to server version 141
2018-05-20 04:25:34,545 ib_insync.client ERROR Peer closed connection
2018-05-20 04:25:34,545 ib_insync.client ERROR clientId 24 already in use?
2018-05-20 04:25:36,041 ib_insync.client ERROR API connection failed: TimeoutError()
2018-05-20 04:25:36,041 ib_insync.client INFO Connecting to 127.0.0.1:4002 with clientId 98580...
2018-05-20 04:25:36,042 ib_insync.client INFO Connected
2018-05-20 04:25:36,045 ib_insync.client INFO Logged on to server version 141
2018-05-20 04:25:36,087 ib_insync.wrapper INFO Warning 2106, reqId -1: HMDS data farm connection is OK:cashhmds
2018-05-20 04:25:36,087 ib_insync.client INFO API connection ready
2018-05-20 04:25:36,133 ib_insync.wrapper INFO updatePortfolio: PortfolioItem(contract=Contract(secType='CASH', conId=12087792, symbol='EUR', right='0', primaryExchange='IDEALPRO', currency='USD', localSymbol='EUR.USD', tradingClass='EUR.USD'), position=186000.0, marketPrice=1.17709995, marketValue=218940.59, averageCost=1.2182257, unrealizedPNL=-7649.39, realizedPNL=0.0, account='DU946735')
2018-05-20 04:25:36,134 ib_insync.wrapper INFO position: Position(account='DU946735', contract=Contract(secType='CASH', conId=12087792, symbol='EUR', currency='USD', localSymbol='EUR.USD', tradingClass='EUR.USD'), position=186000.0, avgCost=1.2182257)
2018-05-20 04:25:36,137 ib_insync.ib INFO Synchronization complete
2018-05-20 04:25:36,147 asyncio ERROR _GatheringFuture exception was never retrieved
future: <_GatheringFuture finished exception=CancelledError()>
concurrent.futures._base.CancelledError
2018-05-20 14:20:32,845 quamash INFO Using Qt Implementation: PyQt5
2018-05-20 14:20:32,876 ib_insync.client INFO Connecting to 127.0.0.1:4002 with clientId 24...
2018-05-20 14:20:32,876 ib_insync.client INFO Connected
2018-05-20 14:20:32,879 ib_insync.client INFO Logged on to server version 141
2018-05-20 14:20:33,380 ib_insync.client ERROR Peer closed connection
2018-05-20 14:20:33,380 ib_insync.client ERROR clientId 24 already in use?
2018-05-20 14:20:34,879 ib_insync.client ERROR API connection failed: TimeoutError()
2018-05-20 14:20:34,879 ib_insync.client INFO Connecting to 127.0.0.1:4002 with clientId 17351...
2018-05-20 14:20:34,879 ib_insync.client INFO Connected
2018-05-20 14:20:34,882 ib_insync.client INFO Logged on to server version 141
2018-05-20 14:20:34,923 ib_insync.wrapper INFO Warning 2104, reqId -1: Market data farm connection is OK:usfarm.us
2018-05-20 14:20:34,923 ib_insync.wrapper INFO Warning 2107, reqId -1: HMDS data farm connection is inactive but should be available upon demand.euhmds
2018-05-20 14:20:34,923 ib_insync.wrapper INFO Warning 2106, reqId -1: HMDS data farm connection is OK:hkhmds
2018-05-20 14:20:34,923 ib_insync.wrapper INFO Warning 2106, reqId -1: HMDS data farm connection is OK:cashhmds
2018-05-20 14:20:34,923 ib_insync.client INFO API connection ready
2018-05-20 14:20:34,970 ib_insync.wrapper INFO updatePortfolio: PortfolioItem(contract=Contract(secType='CASH', conId=12087792, symbol='EUR', right='0', primaryExchange='IDEALPRO', currency='USD', localSymbol='EUR.USD', tradingClass='EUR.USD'), position=186000.0, marketPrice=1.17709995, marketValue=218940.59, averageCost=1.2182257, unrealizedPNL=-7649.39, realizedPNL=0.0, account='DU946735')
2018-05-20 14:20:34,970 ib_insync.wrapper INFO position: Position(account='DU946735', contract=Contract(secType='CASH', conId=12087792, symbol='EUR', currency='USD', localSymbol='EUR.USD', tradingClass='EUR.USD'), position=186000.0, avgCost=1.2182257)
2018-05-20 14:20:34,974 ib_insync.ib INFO Synchronization complete
2018-05-20 14:20:34,986 asyncio ERROR _GatheringFuture exception was never retrieved
future: <_GatheringFuture finished exception=CancelledError()>
concurrent.futures._base.CancelledError
2018-05-20 14:20:38,622 ib_insync.wrapper INFO Warning 2106, reqId -1: HMDS data farm connection is OK:euhmds
2018-05-20 14:20:38,994 ib_insync.wrapper INFO Warning 2108, reqId -1: Market data farm connection is inactive but should be available upon demand.usfarm.us
2018-05-20 14:20:39,035 ib_insync.wrapper INFO Warning 2108, reqId -1: Market data farm connection is inactive but should be available upon demand.usfarm.us
2018-05-20 14:20:39,035 ib_insync.wrapper INFO Warning 2119, reqId -1: Market data farm is connecting:usfuture.us
2018-05-20 14:20:39,906 ib_insync.wrapper INFO Warning 2104, reqId -1: Market data farm connection is OK:usfuture.us
2018-05-20 14:20:48,909 trading.utils WARNING Timeout while requesting the earliestDateTime for contract Contract(secType='IND', conId=1935181, symbol='INDU', exchange='CME', currency='USD', localSymbol='DJI')
2018-05-20 14:20:49,286 ib_insync.wrapper INFO Warning 2108, reqId -1: Market data farm connection is inactive but should be available upon demand.usfuture.us
2018-05-20 14:20:49,327 ib_insync.wrapper INFO Warning 2108, reqId -1: Market data farm connection is inactive but should be available upon demand.usfuture.us
2018-05-20 14:20:49,327 ib_insync.wrapper INFO Warning 2119, reqId -1: Market data farm is connecting:usfarm.us
2018-05-20 14:20:50,640 ib_insync.wrapper INFO Warning 2104, reqId -1: Market data farm connection is OK:usfarm.us
2018-05-20 14:20:59,195 trading.utils WARNING Timeout while requesting the earliestDateTime for contract Contract(secType='IND', conId=416904, symbol='SPX', exchange='CBOE', currency='USD', localSymbol='SPX')
2018-05-20 14:21:00,956 sqlalchemy.engine.base.Engine INFO PRAGMA table_info("MarketDataInfoTable")
2018-05-20 14:21:00,956 sqlalchemy.engine.base.Engine INFO ()
2018-05-20 14:21:00,957 sqlalchemy.engine.base.Engine INFO PRAGMA table_info("MarketDataHistoricalRequestsPositionTable")
2018-05-20 14:21:00,957 sqlalchemy.engine.base.Engine INFO ()
2018-05-20 14:21:00,957 sqlalchemy.engine.base.Engine INFO PRAGMA table_info("MarketData_CASH_EUR_AUD_IDEALPRO")
2018-05-20 14:21:00,957 sqlalchemy.engine.base.Engine INFO ()
2018-05-20 14:21:00,957 sqlalchemy.engine.base.Engine INFO PRAGMA table_info("MarketData_CASH_EUR_CAD_IDEALPRO")
2018-05-20 14:21:00,958 sqlalchemy.engine.base.Engine INFO ()
2018-05-20 14:21:00,958 sqlalchemy.engine.base.Engine INFO PRAGMA table_info("MarketData_CASH_EUR_CHF_IDEALPRO")
2018-05-20 14:21:00,958 sqlalchemy.engine.base.Engine INFO ()
2018-05-20 14:21:00,958 sqlalchemy.engine.base.Engine INFO PRAGMA table_info("MarketData_CASH_EUR_CNH_IDEALPRO")
2018-05-20 14:21:00,958 sqlalchemy.engine.base.Engine INFO ()
2018-05-20 14:21:00,958 sqlalchemy.engine.base.Engine INFO PRAGMA table_info("MarketData_CASH_EUR_GBP_IDEALPRO")
2018-05-20 14:21:00,958 sqlalchemy.engine.base.Engine INFO ()
2018-05-20 14:21:00,958 sqlalchemy.engine.base.Engine INFO PRAGMA table_info("MarketData_CASH_EUR_JPY_IDEALPRO")
2018-05-20 14:21:00,958 sqlalchemy.engine.base.Engine INFO ()
2018-05-20 14:21:00,958 sqlalchemy.engine.base.Engine INFO PRAGMA table_info("MarketData_CASH_EUR_RUB_IDEALPRO")
2018-05-20 14:21:00,958 sqlalchemy.engine.base.Engine INFO ()
2018-05-20 14:21:00,959 sqlalchemy.engine.base.Engine INFO PRAGMA table_info("MarketData_CASH_EUR_USD_IDEALPRO")
2018-05-20 14:21:00,959 sqlalchemy.engine.base.Engine INFO ()
2018-05-20 14:21:00,959 sqlalchemy.engine.base.Engine INFO PRAGMA table_info("MarketData_CFD_IBDE30_EUR_SMART")
2018-05-20 14:21:00,959 sqlalchemy.engine.base.Engine INFO ()
2018-05-20 14:21:00,959 sqlalchemy.engine.base.Engine INFO PRAGMA table_info("MarketData_IND_DAX_EUR_DTB")
2018-05-20 14:21:00,959 sqlalchemy.engine.base.Engine INFO ()
2018-05-20 14:21:00,959 sqlalchemy.engine.base.Engine INFO PRAGMA table_info("MarketData_IND_HSC50_HKD_HKFE")
2018-05-20 14:21:00,959 sqlalchemy.engine.base.Engine INFO ()
2018-05-20 14:21:00,959 sqlalchemy.engine.base.Engine INFO PRAGMA table_info("MarketData_IND_INDU_USD_CME")
2018-05-20 14:21:00,959 sqlalchemy.engine.base.Engine INFO ()
2018-05-20 14:21:00,960 sqlalchemy.engine.base.Engine INFO PRAGMA table_info("MarketData_IND_N225_JPY_OSE.JPN")
2018-05-20 14:21:00,960 sqlalchemy.engine.base.Engine INFO ()
2018-05-20 14:21:00,960 sqlalchemy.engine.base.Engine INFO PRAGMA table_info("MarketData_IND_SPX_USD_CBOE")
2018-05-20 14:21:00,960 sqlalchemy.engine.base.Engine INFO ()
2018-05-20 14:21:00,961 sqlalchemy.orm.mapper.Mapper INFO (MarketDataTable|MarketData_CASH_EUR_AUD_IDEALPRO) _post_configure_properties() started
2018-05-20 14:21:00,961 sqlalchemy.orm.mapper.Mapper INFO (MarketDataTable|MarketData_CASH_EUR_AUD_IDEALPRO) initialize prop datetime
2018-05-20 14:21:00,961 sqlalchemy.orm.mapper.Mapper INFO (MarketDataTable|MarketData_CASH_EUR_AUD_IDEALPRO) initialize prop diffToNextRowInMinutes
2018-05-20 14:21:00,961 sqlalchemy.orm.mapper.Mapper INFO (MarketDataTable|MarketData_CASH_EUR_AUD_IDEALPRO) initialize prop close
2018-05-20 14:21:00,961 sqlalchemy.orm.mapper.Mapper INFO (MarketDataTable|MarketData_CASH_EUR_AUD_IDEALPRO) _post_configure_properties() complete
2018-05-20 14:21:00,961 sqlalchemy.orm.mapper.Mapper INFO (MarketDataTable|MarketData_CASH_EUR_CAD_IDEALPRO) _post_configure_properties() started
2018-05-20 14:21:00,961 sqlalchemy.orm.mapper.Mapper INFO (MarketDataTable|MarketData_CASH_EUR_CAD_IDEALPRO) initialize prop datetime
2018-05-20 14:21:00,961 sqlalchemy.orm.mapper.Mapper INFO (MarketDataTable|MarketData_CASH_EUR_CAD_IDEALPRO) initialize prop diffToNextRowInMinutes
2018-05-20 14:21:00,961 sqlalchemy.orm.mapper.Mapper INFO (MarketDataTable|MarketData_CASH_EUR_CAD_IDEALPRO) initialize prop close
2018-05-20 14:21:00,961 sqlalchemy.orm.mapper.Mapper INFO (MarketDataTable|MarketData_CASH_EUR_CAD_IDEALPRO) _post_configure_properties() complete
2018-05-20 14:21:00,961 sqlalchemy.orm.mapper.Mapper INFO (MarketDataTable|MarketData_CASH_EUR_CHF_IDEALPRO) _post_configure_properties() started
2018-05-20 14:21:00,962 sqlalchemy.orm.mapper.Mapper INFO (MarketDataTable|MarketData_CASH_EUR_CHF_IDEALPRO) initialize prop datetime
2018-05-20 14:21:00,962 sqlalchemy.orm.mapper.Mapper INFO (MarketDataTable|MarketData_CASH_EUR_CHF_IDEALPRO) initialize prop diffToNextRowInMinutes
2018-05-20 14:21:00,962 sqlalchemy.orm.mapper.Mapper INFO (MarketDataTable|MarketData_CASH_EUR_CHF_IDEALPRO) initialize prop close
2018-05-20 14:21:00,962 sqlalchemy.orm.mapper.Mapper INFO (MarketDataTable|MarketData_CASH_EUR_CHF_IDEALPRO) _post_configure_properties() complete
2018-05-20 14:21:00,962 sqlalchemy.orm.mapper.Mapper INFO (MarketDataTable|MarketData_CASH_EUR_CNH_IDEALPRO) _post_configure_properties() started
2018-05-20 14:21:00,962 sqlalchemy.orm.mapper.Mapper INFO (MarketDataTable|MarketData_CASH_EUR_CNH_IDEALPRO) initialize prop datetime
2018-05-20 14:21:00,962 sqlalchemy.orm.mapper.Mapper INFO (MarketDataTable|MarketData_CASH_EUR_CNH_IDEALPRO) initialize prop diffToNextRowInMinutes
2018-05-20 14:21:00,962 sqlalchemy.orm.mapper.Mapper INFO (MarketDataTable|MarketData_CASH_EUR_CNH_IDEALPRO) initialize prop close
2018-05-20 14:21:00,962 sqlalchemy.orm.mapper.Mapper INFO (MarketDataTable|MarketData_CASH_EUR_CNH_IDEALPRO) _post_configure_properties() complete
2018-05-20 14:21:00,962 sqlalchemy.orm.mapper.Mapper INFO (MarketDataTable|MarketData_CASH_EUR_GBP_IDEALPRO) _post_configure_properties() started
2018-05-20 14:21:00,962 sqlalchemy.orm.mapper.Mapper INFO (MarketDataTable|MarketData_CASH_EUR_GBP_IDEALPRO) initialize prop datetime
2018-05-20 14:21:00,962 sqlalchemy.orm.mapper.Mapper INFO (MarketDataTable|MarketData_CASH_EUR_GBP_IDEALPRO) initialize prop diffToNextRowInMinutes
2018-05-20 14:21:00,962 sqlalchemy.orm.mapper.Mapper INFO (MarketDataTable|MarketData_CASH_EUR_GBP_IDEALPRO) initialize prop close
2018-05-20 14:21:00,962 sqlalchemy.orm.mapper.Mapper INFO (MarketDataTable|MarketData_CASH_EUR_GBP_IDEALPRO) _post_configure_properties() complete
2018-05-20 14:21:00,962 sqlalchemy.orm.mapper.Mapper INFO (MarketDataTable|MarketData_CASH_EUR_JPY_IDEALPRO) _post_configure_properties() started
2018-05-20 14:21:00,963 sqlalchemy.orm.mapper.Mapper INFO (MarketDataTable|MarketData_CASH_EUR_JPY_IDEALPRO) initialize prop datetime
2018-05-20 14:21:00,963 sqlalchemy.orm.mapper.Mapper INFO (MarketDataTable|MarketData_CASH_EUR_JPY_IDEALPRO) initialize prop diffToNextRowInMinutes
2018-05-20 14:21:00,963 sqlalchemy.orm.mapper.Mapper INFO (MarketDataTable|MarketData_CASH_EUR_JPY_IDEALPRO) initialize prop close
2018-05-20 14:21:00,963 sqlalchemy.orm.mapper.Mapper INFO (MarketDataTable|MarketData_CASH_EUR_JPY_IDEALPRO) _post_configure_properties() complete
2018-05-20 14:21:00,963 sqlalchemy.orm.mapper.Mapper INFO (MarketDataTable|MarketData_CASH_EUR_RUB_IDEALPRO) _post_configure_properties() started
2018-05-20 14:21:00,963 sqlalchemy.orm.mapper.Mapper INFO (MarketDataTable|MarketData_CASH_EUR_RUB_IDEALPRO) initialize prop datetime
2018-05-20 14:21:00,963 sqlalchemy.orm.mapper.Mapper INFO (MarketDataTable|MarketData_CASH_EUR_RUB_IDEALPRO) initialize prop diffToNextRowInMinutes
2018-05-20 14:21:00,963 sqlalchemy.orm.mapper.Mapper INFO (MarketDataTable|MarketData_CASH_EUR_RUB_IDEALPRO) initialize prop close
2018-05-20 14:21:00,963 sqlalchemy.orm.mapper.Mapper INFO (MarketDataTable|MarketData_CASH_EUR_RUB_IDEALPRO) _post_configure_properties() complete
2018-05-20 14:21:00,963 sqlalchemy.orm.mapper.Mapper INFO (MarketDataTable|MarketData_CASH_EUR_USD_IDEALPRO) _post_configure_properties() started
2018-05-20 14:21:00,963 sqlalchemy.orm.mapper.Mapper INFO (MarketDataTable|MarketData_CASH_EUR_USD_IDEALPRO) initialize prop datetime
2018-05-20 14:21:00,963 sqlalchemy.orm.mapper.Mapper INFO (MarketDataTable|MarketData_CASH_EUR_USD_IDEALPRO) initialize prop diffToNextRowInMinutes
2018-05-20 14:21:00,963 sqlalchemy.orm.mapper.Mapper INFO (MarketDataTable|MarketData_CASH_EUR_USD_IDEALPRO) initialize prop close
2018-05-20 14:21:00,963 sqlalchemy.orm.mapper.Mapper INFO (MarketDataTable|MarketData_CASH_EUR_USD_IDEALPRO) _post_configure_properties() complete
2018-05-20 14:21:00,963 sqlalchemy.orm.mapper.Mapper INFO (MarketDataTable|MarketData_CFD_IBDE30_EUR_SMART) _post_configure_properties() started
2018-05-20 14:21:00,964 sqlalchemy.orm.mapper.Mapper INFO (MarketDataTable|MarketData_CFD_IBDE30_EUR_SMART) initialize prop datetime
2018-05-20 14:21:00,964 sqlalchemy.orm.mapper.Mapper INFO (MarketDataTable|MarketData_CFD_IBDE30_EUR_SMART) initialize prop diffToNextRowInMinutes
2018-05-20 14:21:00,964 sqlalchemy.orm.mapper.Mapper INFO (MarketDataTable|MarketData_CFD_IBDE30_EUR_SMART) initialize prop close
2018-05-20 14:21:00,964 sqlalchemy.orm.mapper.Mapper INFO (MarketDataTable|MarketData_CFD_IBDE30_EUR_SMART) _post_configure_properties() complete
2018-05-20 14:21:00,964 sqlalchemy.orm.mapper.Mapper INFO (MarketDataTable|MarketData_IND_DAX_EUR_DTB) _post_configure_properties() started
2018-05-20 14:21:00,964 sqlalchemy.orm.mapper.Mapper INFO (MarketDataTable|MarketData_IND_DAX_EUR_DTB) initialize prop datetime
2018-05-20 14:21:00,964 sqlalchemy.orm.mapper.Mapper INFO (MarketDataTable|MarketData_IND_DAX_EUR_DTB) initialize prop diffToNextRowInMinutes
2018-05-20 14:21:00,964 sqlalchemy.orm.mapper.Mapper INFO (MarketDataTable|MarketData_IND_DAX_EUR_DTB) initialize prop close
2018-05-20 14:21:00,964 sqlalchemy.orm.mapper.Mapper INFO (MarketDataTable|MarketData_IND_DAX_EUR_DTB) _post_configure_properties() complete
2018-05-20 14:21:00,964 sqlalchemy.orm.mapper.Mapper INFO (MarketDataTable|MarketData_IND_HSC50_HKD_HKFE) _post_configure_properties() started
2018-05-20 14:21:00,964 sqlalchemy.orm.mapper.Mapper INFO (MarketDataTable|MarketData_IND_HSC50_HKD_HKFE) initialize prop datetime
2018-05-20 14:21:00,964 sqlalchemy.orm.mapper.Mapper INFO (MarketDataTable|MarketData_IND_HSC50_HKD_HKFE) initialize prop diffToNextRowInMinutes
2018-05-20 14:21:00,964 sqlalchemy.orm.mapper.Mapper INFO (MarketDataTable|MarketData_IND_HSC50_HKD_HKFE) initialize prop close
2018-05-20 14:21:00,964 sqlalchemy.orm.mapper.Mapper INFO (MarketDataTable|MarketData_IND_HSC50_HKD_HKFE) _post_configure_properties() complete
2018-05-20 14:21:00,965 sqlalchemy.orm.mapper.Mapper INFO (MarketDataTable|MarketData_IND_INDU_USD_CME) _post_configure_properties() started
2018-05-20 14:21:00,965 sqlalchemy.orm.mapper.Mapper INFO (MarketDataTable|MarketData_IND_INDU_USD_CME) initialize prop datetime
2018-05-20 14:21:00,965 sqlalchemy.orm.mapper.Mapper INFO (MarketDataTable|MarketData_IND_INDU_USD_CME) initialize prop diffToNextRowInMinutes
2018-05-20 14:21:00,965 sqlalchemy.orm.mapper.Mapper INFO (MarketDataTable|MarketData_IND_INDU_USD_CME) initialize prop close
2018-05-20 14:21:00,965 sqlalchemy.orm.mapper.Mapper INFO (MarketDataTable|MarketData_IND_INDU_USD_CME) _post_configure_properties() complete
2018-05-20 14:21:00,965 sqlalchemy.orm.mapper.Mapper INFO (MarketDataTable|MarketData_IND_N225_JPY_OSE.JPN) _post_configure_properties() started
2018-05-20 14:21:00,965 sqlalchemy.orm.mapper.Mapper INFO (MarketDataTable|MarketData_IND_N225_JPY_OSE.JPN) initialize prop datetime
2018-05-20 14:21:00,965 sqlalchemy.orm.mapper.Mapper INFO (MarketDataTable|MarketData_IND_N225_JPY_OSE.JPN) initialize prop diffToNextRowInMinutes
2018-05-20 14:21:00,965 sqlalchemy.orm.mapper.Mapper INFO (MarketDataTable|MarketData_IND_N225_JPY_OSE.JPN) initialize prop close
2018-05-20 14:21:00,965 sqlalchemy.orm.mapper.Mapper INFO (MarketDataTable|MarketData_IND_N225_JPY_OSE.JPN) _post_configure_properties() complete
2018-05-20 14:21:00,965 sqlalchemy.orm.mapper.Mapper INFO (MarketDataTable|MarketData_IND_SPX_USD_CBOE) _post_configure_properties() started
2018-05-20 14:21:00,965 sqlalchemy.orm.mapper.Mapper INFO (MarketDataTable|MarketData_IND_SPX_USD_CBOE) initialize prop datetime
2018-05-20 14:21:00,965 sqlalchemy.orm.mapper.Mapper INFO (MarketDataTable|MarketData_IND_SPX_USD_CBOE) initialize prop diffToNextRowInMinutes
2018-05-20 14:21:00,965 sqlalchemy.orm.mapper.Mapper INFO (MarketDataTable|MarketData_IND_SPX_USD_CBOE) initialize prop close
2018-05-20 14:21:00,965 sqlalchemy.orm.mapper.Mapper INFO (MarketDataTable|MarketData_IND_SPX_USD_CBOE) _post_configure_properties() complete
2018-05-20 14:21:00,966 sqlalchemy.engine.base.Engine INFO BEGIN (implicit)
2018-05-20 14:21:00,966 sqlalchemy.engine.base.Engine INFO INSERT OR REPLACE INTO "MarketDataInfoTable" ("tableName", "conId", symbol, currency, exchange, category, "secType", "earliestDateTime") VALUES (?, ?, ?, ?, ?, ?, ?, ?)
2018-05-20 14:21:00,966 sqlalchemy.engine.base.Engine INFO ('MarketData_CASH_EUR_AUD_IDEALPRO', 15016065, 'EUR', 'AUD', 'IDEALPRO', 'MarketData', 'CASH', '2005-09-28 03:30:00.000000')
2018-05-20 14:21:00,967 sqlalchemy.engine.base.Engine INFO INSERT OR REPLACE INTO "MarketDataInfoTable" ("tableName", "conId", symbol, currency, exchange, category, "secType", "earliestDateTime") VALUES (?, ?, ?, ?, ?, ?, ?, ?)
2018-05-20 14:21:00,967 sqlalchemy.engine.base.Engine INFO ('MarketData_CASH_EUR_CAD_IDEALPRO', 15016068, 'EUR', 'CAD', 'IDEALPRO', 'MarketData', 'CASH', '2005-03-09 04:30:00.000000')
2018-05-20 14:21:00,967 sqlalchemy.engine.base.Engine INFO INSERT OR REPLACE INTO "MarketDataInfoTable" ("tableName", "conId", symbol, currency, exchange, category, "secType", "earliestDateTime") VALUES (?, ?, ?, ?, ?, ?, ?, ?)
2018-05-20 14:21:00,967 sqlalchemy.engine.base.Engine INFO ('MarketData_CASH_EUR_USD_IDEALPRO', 12087792, 'EUR', 'USD', 'IDEALPRO', 'MarketData', 'CASH', '2005-03-09 04:30:00.000000')
2018-05-20 14:21:00,968 sqlalchemy.engine.base.Engine INFO INSERT OR REPLACE INTO "MarketDataInfoTable" ("tableName", "conId", symbol, currency, exchange, category, "secType", "earliestDateTime") VALUES (?, ?, ?, ?, ?, ?, ?, ?)
2018-05-20 14:21:00,968 sqlalchemy.engine.base.Engine INFO ('MarketData_CASH_EUR_GBP_IDEALPRO', 12087807, 'EUR', 'GBP', 'IDEALPRO', 'MarketData', 'CASH', '2005-03-09 04:30:00.000000')
2018-05-20 14:21:00,968 sqlalchemy.engine.base.Engine INFO INSERT OR REPLACE INTO "MarketDataInfoTable" ("tableName", "conId", symbol, currency, exchange, category, "secType", "earliestDateTime") VALUES (?, ?, ?, ?, ?, ?, ?, ?)
2018-05-20 14:21:00,968 sqlalchemy.engine.base.Engine INFO ('MarketData_CASH_EUR_CHF_IDEALPRO', 12087817, 'EUR', 'CHF', 'IDEALPRO', 'MarketData', 'CASH', '2005-03-09 04:30:00.000000')
2018-05-20 14:21:00,969 sqlalchemy.engine.base.Engine INFO INSERT OR REPLACE INTO "MarketDataInfoTable" ("tableName", "conId", symbol, currency, exchange, category, "secType", "earliestDateTime") VALUES (?, ?, ?, ?, ?, ?, ?, ?)
2018-05-20 14:21:00,969 sqlalchemy.engine.base.Engine INFO ('MarketData_CASH_EUR_JPY_IDEALPRO', 14321016, 'EUR', 'JPY', 'IDEALPRO', 'MarketData', 'CASH', '2005-03-09 04:30:00.000000')
2018-05-20 14:21:00,969 sqlalchemy.engine.base.Engine INFO INSERT OR REPLACE INTO "MarketDataInfoTable" ("tableName", "conId", symbol, currency, exchange, category, "secType", "earliestDateTime") VALUES (?, ?, ?, ?, ?, ?, ?, ?)
2018-05-20 14:21:00,969 sqlalchemy.engine.base.Engine INFO ('MarketData_CASH_EUR_CNH_IDEALPRO', 114900041, 'EUR', 'CNH', 'IDEALPRO', 'MarketData', 'CASH', '2012-10-02 21:15:00.000000')
2018-05-20 14:21:00,970 sqlalchemy.engine.base.Engine INFO INSERT OR REPLACE INTO "MarketDataInfoTable" ("tableName", "conId", symbol, currency, exchange, category, "secType", "earliestDateTime") VALUES (?, ?, ?, ?, ?, ?, ?, ?)
2018-05-20 14:21:00,970 sqlalchemy.engine.base.Engine INFO ('MarketData_CASH_EUR_RUB_IDEALPRO', 92620186, 'EUR', 'RUB', 'IDEALPRO', 'MarketData', 'CASH', '2012-06-10 21:15:00.000000')
2018-05-20 14:21:00,970 sqlalchemy.engine.base.Engine INFO INSERT OR REPLACE INTO "MarketDataInfoTable" ("tableName", "conId", symbol, currency, exchange, category, "secType", "earliestDateTime") VALUES (?, ?, ?, ?, ?, ?, ?, ?)
2018-05-20 14:21:00,970 sqlalchemy.engine.base.Engine INFO ('MarketData_IND_DAX_EUR_DTB', 825711, 'DAX', 'EUR', 'DTB', 'MarketData', 'IND', '2005-06-28 07:00:00.000000')
2018-05-20 14:21:00,971 sqlalchemy.engine.base.Engine INFO INSERT OR REPLACE INTO "MarketDataInfoTable" ("tableName", "conId", symbol, currency, exchange, category, "secType", "earliestDateTime") VALUES (?, ?, ?, ?, ?, ?, ?, ?)
2018-05-20 14:21:00,971 sqlalchemy.engine.base.Engine INFO ('MarketData_IND_INDU_USD_CME', 1935181, 'INDU', 'USD', 'CME', 'MarketData', 'IND', None)
2018-05-20 14:21:00,971 sqlalchemy.engine.base.Engine INFO INSERT OR REPLACE INTO "MarketDataInfoTable" ("tableName", "conId", symbol, currency, exchange, category, "secType", "earliestDateTime") VALUES (?, ?, ?, ?, ?, ?, ?, ?)
2018-05-20 14:21:00,971 sqlalchemy.engine.base.Engine INFO ('MarketData_IND_SPX_USD_CBOE', 416904, 'SPX', 'USD', 'CBOE', 'MarketData', 'IND', None)
2018-05-20 14:21:00,971 sqlalchemy.engine.base.Engine INFO INSERT OR REPLACE INTO "MarketDataInfoTable" ("tableName", "conId", symbol, currency, exchange, category, "secType", "earliestDateTime") VALUES (?, ?, ?, ?, ?, ?, ?, ?)
2018-05-20 14:21:00,971 sqlalchemy.engine.base.Engine INFO ('MarketData_IND_HSC50_HKD_HKFE', 74084607, 'HSC50', 'HKD', 'HKFE', 'MarketData', 'IND', None)
2018-05-20 14:21:00,972 sqlalchemy.engine.base.Engine INFO INSERT OR REPLACE INTO "MarketDataInfoTable" ("tableName", "conId", symbol, currency, exchange, category, "secType", "earliestDateTime") VALUES (?, ?, ?, ?, ?, ?, ?, ?)
2018-05-20 14:21:00,972 sqlalchemy.engine.base.Engine INFO ('MarketData_IND_N225_JPY_OSE.JPN', 14087999, 'N225', 'JPY', 'OSE.JPN', 'MarketData', 'IND', '2005-06-30 00:00:00.000000')
2018-05-20 14:21:00,972 sqlalchemy.engine.base.Engine INFO INSERT OR REPLACE INTO "MarketDataInfoTable" ("tableName", "conId", symbol, currency, exchange, category, "secType", "earliestDateTime") VALUES (?, ?, ?, ?, ?, ?, ?, ?)
2018-05-20 14:21:00,972 sqlalchemy.engine.base.Engine INFO ('MarketData_CFD_IBDE30_EUR_SMART', 111987422, 'IBDE30', 'EUR', 'SMART', 'MarketData', 'CFD', '2012-08-14 07:00:00.000000')
2018-05-20 14:21:00,972 sqlalchemy.engine.base.Engine INFO COMMIT
2018-05-20 14:21:00,998 sqlalchemy.engine.base.Engine INFO PRAGMA table_info("MarketDataInfoTable")
2018-05-20 14:21:00,998 sqlalchemy.engine.base.Engine INFO ()
2018-05-20 14:21:00,999 sqlalchemy.engine.base.Engine INFO BEGIN (implicit)
2018-05-20 14:21:01,000 sqlalchemy.engine.base.Engine INFO SELECT count(*) AS count_1 
FROM (SELECT "MarketDataInfoTable"."tableName" AS "MarketDataInfoTable_tableName", "MarketDataInfoTable".description AS "MarketDataInfoTable_description", "MarketDataInfoTable"."conId" AS "MarketDataInfoTable_conId", "MarketDataInfoTable".symbol AS "MarketDataInfoTable_symbol", "MarketDataInfoTable".currency AS "MarketDataInfoTable_currency", "MarketDataInfoTable".exchange AS "MarketDataInfoTable_exchange", "MarketDataInfoTable".category AS "MarketDataInfoTable_category", "MarketDataInfoTable"."secType" AS "MarketDataInfoTable_secType", "MarketDataInfoTable"."earliestDateTime" AS "MarketDataInfoTable_earliestDateTime" 
FROM "MarketDataInfoTable") AS anon_1
2018-05-20 14:21:01,000 sqlalchemy.engine.base.Engine INFO ()
2018-05-20 14:21:01,001 sqlalchemy.engine.base.Engine INFO SELECT "MarketDataInfoTable"."tableName", "MarketDataInfoTable".description, "MarketDataInfoTable"."conId", "MarketDataInfoTable".symbol, "MarketDataInfoTable".currency, "MarketDataInfoTable".exchange, "MarketDataInfoTable".category, "MarketDataInfoTable"."secType", "MarketDataInfoTable"."earliestDateTime" 
FROM "MarketDataInfoTable" ORDER BY "MarketDataInfoTable"."tableName"
2018-05-20 14:21:01,001 sqlalchemy.engine.base.Engine INFO ()
2018-05-20 14:21:01,003 sqlalchemy.engine.base.Engine INFO SELECT "MarketDataInfoTable"."tableName" AS "MarketDataInfoTable_tableName" 
FROM "MarketDataInfoTable" ORDER BY "MarketDataInfoTable"."tableName"
2018-05-20 14:21:01,003 sqlalchemy.engine.base.Engine INFO ()
2018-05-20 14:21:01,580 sqlalchemy.engine.base.Engine INFO ROLLBACK
2018-05-20 14:21:01,580 ib_insync.ib INFO BN added disconnect in ib
2018-05-20 14:21:01,580 ib_insync.ib INFO Disconnecting from 127.0.0.1:4002, 2.19 kB sent in 48 messages, 74.9 kB received in 435 messages, session time 26.7 s.
