2018-05-17 01:24:58,567 quamash INFO Using Qt Implementation: PyQt5
2018-05-17 01:24:58,604 ib_insync.client INFO Connecting to 127.0.0.1:4002 with clientId 24...
2018-05-17 01:24:58,606 ib_insync.client INFO Connected
2018-05-17 01:24:58,615 ib_insync.client INFO Logged on to server version 141
2018-05-17 01:24:59,119 ib_insync.client ERROR Peer closed connection
2018-05-17 01:24:59,120 ib_insync.client ERROR clientId 24 already in use?
2018-05-17 01:25:00,608 ib_insync.client ERROR API connection failed: TimeoutError()
2018-05-17 01:26:36,852 quamash INFO Using Qt Implementation: PyQt5
2018-05-17 01:26:36,878 ib_insync.client INFO Connecting to 127.0.0.1:4002 with clientId 24...
2018-05-17 01:26:36,880 ib_insync.client INFO Connected
2018-05-17 01:26:36,889 ib_insync.client INFO Logged on to server version 141
2018-05-17 01:26:37,390 ib_insync.client ERROR Peer closed connection
2018-05-17 01:26:37,391 ib_insync.client ERROR clientId 24 already in use?
2018-05-17 01:26:38,881 ib_insync.client ERROR API connection failed: TimeoutError()
2018-05-17 01:28:08,459 quamash INFO Using Qt Implementation: PyQt5
2018-05-17 01:28:08,485 ib_insync.client INFO Connecting to 127.0.0.1:4002 with clientId 24...
2018-05-17 01:28:08,486 ib_insync.client INFO Connected
2018-05-17 01:28:08,495 ib_insync.client INFO Logged on to server version 141
2018-05-17 01:28:08,996 ib_insync.client ERROR Peer closed connection
2018-05-17 01:28:08,996 ib_insync.client ERROR clientId 24 already in use?
2018-05-17 01:28:10,488 ib_insync.client ERROR API connection failed: TimeoutError()
2018-05-17 01:28:25,939 ib_insync.client INFO Connecting to 127.0.0.1:4002 with clientId 25...
2018-05-17 01:28:25,942 ib_insync.client INFO Connected
2018-05-17 01:28:25,955 ib_insync.client INFO Logged on to server version 141
2018-05-17 01:28:25,999 ib_insync.wrapper INFO Warning 2104, reqId -1: Market data farm connection is OK:jfarm
2018-05-17 01:28:25,999 ib_insync.wrapper INFO Warning 2104, reqId -1: Market data farm connection is OK:eufarm
2018-05-17 01:28:25,999 ib_insync.wrapper INFO Warning 2104, reqId -1: Market data farm connection is OK:usfuture.us
2018-05-17 01:28:25,999 ib_insync.wrapper INFO Warning 2104, reqId -1: Market data farm connection is OK:cashfarm
2018-05-17 01:28:25,999 ib_insync.wrapper INFO Warning 2104, reqId -1: Market data farm connection is OK:usfarm.us
2018-05-17 01:28:25,999 ib_insync.wrapper INFO Warning 2106, reqId -1: HMDS data farm connection is OK:ushmds.us
2018-05-17 01:28:25,999 ib_insync.wrapper INFO Warning 2106, reqId -1: HMDS data farm connection is OK:euhmds
2018-05-17 01:28:25,999 ib_insync.wrapper INFO Warning 2106, reqId -1: HMDS data farm connection is OK:hkhmds
2018-05-17 01:28:25,999 ib_insync.wrapper INFO Warning 2106, reqId -1: HMDS data farm connection is OK:cashhmds
2018-05-17 01:28:26,000 ib_insync.client INFO API connection ready
2018-05-17 01:28:26,050 ib_insync.wrapper INFO updatePortfolio: PortfolioItem(contract=Contract(secType='CASH', conId=12087792, symbol='EUR', right='0', primaryExchange='IDEALPRO', currency='USD', localSymbol='EUR.USD', tradingClass='EUR.USD'), position=186000.0, marketPrice=1.18140495, marketValue=219741.32, averageCost=1.2182257, unrealizedPNL=-6848.66, realizedPNL=0.0, account='DU946735')
2018-05-17 01:28:26,051 ib_insync.wrapper INFO position: Position(account='DU946735', contract=Contract(secType='CASH', conId=12087792, symbol='EUR', currency='USD', localSymbol='EUR.USD', tradingClass='EUR.USD'), position=186000.0, avgCost=1.2182257)
2018-05-17 01:28:26,055 ib_insync.ib INFO Synchronization complete
2018-05-17 01:28:37,108 asyncio ERROR _GatheringFuture exception was never retrieved
future: <_GatheringFuture finished exception=CancelledError()>
concurrent.futures._base.CancelledError
2018-05-17 01:28:44,179 quamash INFO Using Qt Implementation: PyQt5
2018-05-17 01:28:44,222 ib_insync.client INFO Connecting to 127.0.0.1:4002 with clientId 241...
2018-05-17 01:28:44,224 ib_insync.client INFO Connected
2018-05-17 01:28:44,235 ib_insync.client INFO Logged on to server version 141
2018-05-17 01:28:44,279 ib_insync.wrapper INFO Warning 2104, reqId -1: Market data farm connection is OK:jfarm
2018-05-17 01:28:44,280 ib_insync.wrapper INFO Warning 2104, reqId -1: Market data farm connection is OK:eufarm
2018-05-17 01:28:44,280 ib_insync.wrapper INFO Warning 2104, reqId -1: Market data farm connection is OK:usfuture.us
2018-05-17 01:28:44,280 ib_insync.wrapper INFO Warning 2104, reqId -1: Market data farm connection is OK:cashfarm
2018-05-17 01:28:44,281 ib_insync.wrapper INFO Warning 2104, reqId -1: Market data farm connection is OK:usfarm.us
2018-05-17 01:28:44,281 ib_insync.wrapper INFO Warning 2106, reqId -1: HMDS data farm connection is OK:ushmds.us
2018-05-17 01:28:44,281 ib_insync.wrapper INFO Warning 2106, reqId -1: HMDS data farm connection is OK:euhmds
2018-05-17 01:28:44,282 ib_insync.wrapper INFO Warning 2106, reqId -1: HMDS data farm connection is OK:hkhmds
2018-05-17 01:28:44,282 ib_insync.wrapper INFO Warning 2106, reqId -1: HMDS data farm connection is OK:cashhmds
2018-05-17 01:28:44,282 ib_insync.client INFO API connection ready
2018-05-17 01:28:44,361 ib_insync.wrapper INFO updatePortfolio: PortfolioItem(contract=Contract(secType='CASH', conId=12087792, symbol='EUR', right='0', primaryExchange='IDEALPRO', currency='USD', localSymbol='EUR.USD', tradingClass='EUR.USD'), position=186000.0, marketPrice=1.18140495, marketValue=219741.32, averageCost=1.2182257, unrealizedPNL=-6848.66, realizedPNL=0.0, account='DU946735')
2018-05-17 01:28:44,362 ib_insync.wrapper INFO position: Position(account='DU946735', contract=Contract(secType='CASH', conId=12087792, symbol='EUR', currency='USD', localSymbol='EUR.USD', tradingClass='EUR.USD'), position=186000.0, avgCost=1.2182257)
2018-05-17 01:28:44,409 ib_insync.ib INFO Synchronization complete
